[      52ms] [LOG] Angular is running in development mode. @ http://localhost:4300/@fs/Users/wongjunmun/development/ai-development/software-factory/web/.angular/cache/22.0.0/web/vite/deps/chunk-AJ7QU3YV.js?v=67b7a837:14866
[      84ms] [WARNING] NG0955: The provided track expression resulted in duplicated keys for a given collection. Adjust the tracking expression such that it uniquely identifies all the items in the collection. Duplicated keys were: 
key "Ref" at index "2" and "3". Find more at https://v22.angular.dev/errors/NG0955 @ http://localhost:4300/@fs/Users/wongjunmun/development/ai-development/software-factory/web/.angular/cache/22.0.0/web/vite/deps/chunk-AJ7QU3YV.js?v=67b7a837:17738
[      85ms] [WARNING] NG0955: The provided track expression resulted in duplicated keys for a given collection. Adjust the tracking expression such that it uniquely identifies all the items in the collection. Duplicated keys were: 
key "Ref" at index "2" and "3". Find more at https://v22.angular.dev/errors/NG0955 @ http://localhost:4300/@fs/Users/wongjunmun/development/ai-development/software-factory/web/.angular/cache/22.0.0/web/vite/deps/chunk-AJ7QU3YV.js?v=67b7a837:17738
[      85ms] [WARNING] NG0955: The provided track expression resulted in duplicated keys for a given collection. Adjust the tracking expression such that it uniquely identifies all the items in the collection. Duplicated keys were: 
key "Ref" at index "2" and "3". Find more at https://v22.angular.dev/errors/NG0955 @ http://localhost:4300/@fs/Users/wongjunmun/development/ai-development/software-factory/web/.angular/cache/22.0.0/web/vite/deps/chunk-AJ7QU3YV.js?v=67b7a837:17738
[      87ms] [WARNING] NG0955: The provided track expression resulted in duplicated keys for a given collection. Adjust the tracking expression such that it uniquely identifies all the items in the collection. Duplicated keys were: 
key "Ref" at index "2" and "3". Find more at https://v22.angular.dev/errors/NG0955 @ http://localhost:4300/@fs/Users/wongjunmun/development/ai-development/software-factory/web/.angular/cache/22.0.0/web/vite/deps/chunk-AJ7QU3YV.js?v=67b7a837:17738
[      87ms] [WARNING] NG0955: The provided track expression resulted in duplicated keys for a given collection. Adjust the tracking expression such that it uniquely identifies all the items in the collection. Duplicated keys were: 
key "Ref" at index "2" and "3". Find more at https://v22.angular.dev/errors/NG0955 @ http://localhost:4300/@fs/Users/wongjunmun/development/ai-development/software-factory/web/.angular/cache/22.0.0/web/vite/deps/chunk-AJ7QU3YV.js?v=67b7a837:17738
[      87ms] [WARNING] NG0955: The provided track expression resulted in duplicated keys for a given collection. Adjust the tracking expression such that it uniquely identifies all the items in the collection. Duplicated keys were: 
key "Ref" at index "2" and "3". Find more at https://v22.angular.dev/errors/NG0955 @ http://localhost:4300/@fs/Users/wongjunmun/development/ai-development/software-factory/web/.angular/cache/22.0.0/web/vite/deps/chunk-AJ7QU3YV.js?v=67b7a837:17738
[      89ms] [WARNING] NG0955: The provided track expression resulted in duplicated keys for a given collection. Adjust the tracking expression such that it uniquely identifies all the items in the collection. Duplicated keys were: 
key "Ref" at index "2" and "3". Find more at https://v22.angular.dev/errors/NG0955 @ http://localhost:4300/@fs/Users/wongjunmun/development/ai-development/software-factory/web/.angular/cache/22.0.0/web/vite/deps/chunk-AJ7QU3YV.js?v=67b7a837:17738
[      89ms] [WARNING] NG0955: The provided track expression resulted in duplicated keys for a given collection. Adjust the tracking expression such that it uniquely identifies all the items in the collection. Duplicated keys were: 
key "Ref" at index "2" and "3". Find more at https://v22.angular.dev/errors/NG0955 @ http://localhost:4300/@fs/Users/wongjunmun/development/ai-development/software-factory/web/.angular/cache/22.0.0/web/vite/deps/chunk-AJ7QU3YV.js?v=67b7a837:17738
[      89ms] [WARNING] NG0955: The provided track expression resulted in duplicated keys for a given collection. Adjust the tracking expression such that it uniquely identifies all the items in the collection. Duplicated keys were: 
key "Ref" at index "2" and "3". Find more at https://v22.angular.dev/errors/NG0955 @ http://localhost:4300/@fs/Users/wongjunmun/development/ai-development/software-factory/web/.angular/cache/22.0.0/web/vite/deps/chunk-AJ7QU3YV.js?v=67b7a837:17738
[      96ms] [WARNING] NG0955: The provided track expression resulted in duplicated keys for a given collection. Adjust the tracking expression such that it uniquely identifies all the items in the collection. Duplicated keys were: 
key "Ref" at index "2" and "3". Find more at https://v22.angular.dev/errors/NG0955 @ http://localhost:4300/@fs/Users/wongjunmun/development/ai-development/software-factory/web/.angular/cache/22.0.0/web/vite/deps/chunk-AJ7QU3YV.js?v=67b7a837:17738
[      96ms] [WARNING] NG0955: The provided track expression resulted in duplicated keys for a given collection. Adjust the tracking expression such that it uniquely identifies all the items in the collection. Duplicated keys were: 
key "Ref" at index "2" and "3". Find more at https://v22.angular.dev/errors/NG0955 @ http://localhost:4300/@fs/Users/wongjunmun/development/ai-development/software-factory/web/.angular/cache/22.0.0/web/vite/deps/chunk-AJ7QU3YV.js?v=67b7a837:17738
[      96ms] [WARNING] NG0955: The provided track expression resulted in duplicated keys for a given collection. Adjust the tracking expression such that it uniquely identifies all the items in the collection. Duplicated keys were: 
key "Ref" at index "2" and "3". Find more at https://v22.angular.dev/errors/NG0955 @ http://localhost:4300/@fs/Users/wongjunmun/development/ai-development/software-factory/web/.angular/cache/22.0.0/web/vite/deps/chunk-AJ7QU3YV.js?v=67b7a837:17738
[      97ms] [WARNING] NG0955: The provided track expression resulted in duplicated keys for a given collection. Adjust the tracking expression such that it uniquely identifies all the items in the collection. Duplicated keys were: 
key "Ref" at index "2" and "3". Find more at https://v22.angular.dev/errors/NG0955 @ http://localhost:4300/@fs/Users/wongjunmun/development/ai-development/software-factory/web/.angular/cache/22.0.0/web/vite/deps/chunk-AJ7QU3YV.js?v=67b7a837:17738
[      97ms] [WARNING] NG0955: The provided track expression resulted in duplicated keys for a given collection. Adjust the tracking expression such that it uniquely identifies all the items in the collection. Duplicated keys were: 
key "Ref" at index "2" and "3". Find more at https://v22.angular.dev/errors/NG0955 @ http://localhost:4300/@fs/Users/wongjunmun/development/ai-development/software-factory/web/.angular/cache/22.0.0/web/vite/deps/chunk-AJ7QU3YV.js?v=67b7a837:17738
[      97ms] [WARNING] NG0955: The provided track expression resulted in duplicated keys for a given collection. Adjust the tracking expression such that it uniquely identifies all the items in the collection. Duplicated keys were: 
key "Ref" at index "2" and "3". Find more at https://v22.angular.dev/errors/NG0955 @ http://localhost:4300/@fs/Users/wongjunmun/development/ai-development/software-factory/web/.angular/cache/22.0.0/web/vite/deps/chunk-AJ7QU3YV.js?v=67b7a837:17738
[      99ms] [WARNING] NG0955: The provided track expression resulted in duplicated keys for a given collection. Adjust the tracking expression such that it uniquely identifies all the items in the collection. Duplicated keys were: 
key "Ref" at index "2" and "3". Find more at https://v22.angular.dev/errors/NG0955 @ http://localhost:4300/@fs/Users/wongjunmun/development/ai-development/software-factory/web/.angular/cache/22.0.0/web/vite/deps/chunk-AJ7QU3YV.js?v=67b7a837:17738
[      99ms] [WARNING] NG0955: The provided track expression resulted in duplicated keys for a given collection. Adjust the tracking expression such that it uniquely identifies all the items in the collection. Duplicated keys were: 
key "Ref" at index "2" and "3". Find more at https://v22.angular.dev/errors/NG0955 @ http://localhost:4300/@fs/Users/wongjunmun/development/ai-development/software-factory/web/.angular/cache/22.0.0/web/vite/deps/chunk-AJ7QU3YV.js?v=67b7a837:17738
[      99ms] [WARNING] NG0955: The provided track expression resulted in duplicated keys for a given collection. Adjust the tracking expression such that it uniquely identifies all the items in the collection. Duplicated keys were: 
key "Ref" at index "2" and "3". Find more at https://v22.angular.dev/errors/NG0955 @ http://localhost:4300/@fs/Users/wongjunmun/development/ai-development/software-factory/web/.angular/cache/22.0.0/web/vite/deps/chunk-AJ7QU3YV.js?v=67b7a837:17738
[     100ms] [WARNING] NG0955: The provided track expression resulted in duplicated keys for a given collection. Adjust the tracking expression such that it uniquely identifies all the items in the collection. Duplicated keys were: 
key "Ref" at index "2" and "3". Find more at https://v22.angular.dev/errors/NG0955 @ http://localhost:4300/@fs/Users/wongjunmun/development/ai-development/software-factory/web/.angular/cache/22.0.0/web/vite/deps/chunk-AJ7QU3YV.js?v=67b7a837:17738
[     100ms] [WARNING] NG0955: The provided track expression resulted in duplicated keys for a given collection. Adjust the tracking expression such that it uniquely identifies all the items in the collection. Duplicated keys were: 
key "Ref" at index "2" and "3". Find more at https://v22.angular.dev/errors/NG0955 @ http://localhost:4300/@fs/Users/wongjunmun/development/ai-development/software-factory/web/.angular/cache/22.0.0/web/vite/deps/chunk-AJ7QU3YV.js?v=67b7a837:17738
[     100ms] [WARNING] NG0955: The provided track expression resulted in duplicated keys for a given collection. Adjust the tracking expression such that it uniquely identifies all the items in the collection. Duplicated keys were: 
key "Ref" at index "2" and "3". Find more at https://v22.angular.dev/errors/NG0955 @ http://localhost:4300/@fs/Users/wongjunmun/development/ai-development/software-factory/web/.angular/cache/22.0.0/web/vite/deps/chunk-AJ7QU3YV.js?v=67b7a837:17738
[     101ms] [WARNING] NG0955: The provided track expression resulted in duplicated keys for a given collection. Adjust the tracking expression such that it uniquely identifies all the items in the collection. Duplicated keys were: 
key "Ref" at index "2" and "3". Find more at https://v22.angular.dev/errors/NG0955 @ http://localhost:4300/@fs/Users/wongjunmun/development/ai-development/software-factory/web/.angular/cache/22.0.0/web/vite/deps/chunk-AJ7QU3YV.js?v=67b7a837:17738
[     102ms] [WARNING] NG0955: The provided track expression resulted in duplicated keys for a given collection. Adjust the tracking expression such that it uniquely identifies all the items in the collection. Duplicated keys were: 
key "Ref" at index "2" and "3". Find more at https://v22.angular.dev/errors/NG0955 @ http://localhost:4300/@fs/Users/wongjunmun/development/ai-development/software-factory/web/.angular/cache/22.0.0/web/vite/deps/chunk-AJ7QU3YV.js?v=67b7a837:17738
[     102ms] [WARNING] NG0955: The provided track expression resulted in duplicated keys for a given collection. Adjust the tracking expression such that it uniquely identifies all the items in the collection. Duplicated keys were: 
key "Ref" at index "2" and "3". Find more at https://v22.angular.dev/errors/NG0955 @ http://localhost:4300/@fs/Users/wongjunmun/development/ai-development/software-factory/web/.angular/cache/22.0.0/web/vite/deps/chunk-AJ7QU3YV.js?v=67b7a837:17738
[     104ms] [WARNING] NG0955: The provided track expression resulted in duplicated keys for a given collection. Adjust the tracking expression such that it uniquely identifies all the items in the collection. Duplicated keys were: 
key "Ref" at index "2" and "3". Find more at https://v22.angular.dev/errors/NG0955 @ http://localhost:4300/@fs/Users/wongjunmun/development/ai-development/software-factory/web/.angular/cache/22.0.0/web/vite/deps/chunk-AJ7QU3YV.js?v=67b7a837:17738
[     104ms] [WARNING] NG0955: The provided track expression resulted in duplicated keys for a given collection. Adjust the tracking expression such that it uniquely identifies all the items in the collection. Duplicated keys were: 
key "Ref" at index "2" and "3". Find more at https://v22.angular.dev/errors/NG0955 @ http://localhost:4300/@fs/Users/wongjunmun/development/ai-development/software-factory/web/.angular/cache/22.0.0/web/vite/deps/chunk-AJ7QU3YV.js?v=67b7a837:17738
[     104ms] [WARNING] NG0955: The provided track expression resulted in duplicated keys for a given collection. Adjust the tracking expression such that it uniquely identifies all the items in the collection. Duplicated keys were: 
key "Ref" at index "2" and "3". Find more at https://v22.angular.dev/errors/NG0955 @ http://localhost:4300/@fs/Users/wongjunmun/development/ai-development/software-factory/web/.angular/cache/22.0.0/web/vite/deps/chunk-AJ7QU3YV.js?v=67b7a837:17738
[     105ms] [WARNING] NG0955: The provided track expression resulted in duplicated keys for a given collection. Adjust the tracking expression such that it uniquely identifies all the items in the collection. Duplicated keys were: 
key "Ref" at index "2" and "3". Find more at https://v22.angular.dev/errors/NG0955 @ http://localhost:4300/@fs/Users/wongjunmun/development/ai-development/software-factory/web/.angular/cache/22.0.0/web/vite/deps/chunk-AJ7QU3YV.js?v=67b7a837:17738
[     105ms] [WARNING] NG0955: The provided track expression resulted in duplicated keys for a given collection. Adjust the tracking expression such that it uniquely identifies all the items in the collection. Duplicated keys were: 
key "Ref" at index "2" and "3". Find more at https://v22.angular.dev/errors/NG0955 @ http://localhost:4300/@fs/Users/wongjunmun/development/ai-development/software-factory/web/.angular/cache/22.0.0/web/vite/deps/chunk-AJ7QU3YV.js?v=67b7a837:17738
[     105ms] [WARNING] NG0955: The provided track expression resulted in duplicated keys for a given collection. Adjust the tracking expression such that it uniquely identifies all the items in the collection. Duplicated keys were: 
key "Ref" at index "2" and "3". Find more at https://v22.angular.dev/errors/NG0955 @ http://localhost:4300/@fs/Users/wongjunmun/development/ai-development/software-factory/web/.angular/cache/22.0.0/web/vite/deps/chunk-AJ7QU3YV.js?v=67b7a837:17738
[     106ms] [WARNING] NG0955: The provided track expression resulted in duplicated keys for a given collection. Adjust the tracking expression such that it uniquely identifies all the items in the collection. Duplicated keys were: 
key "Ref" at index "2" and "3". Find more at https://v22.angular.dev/errors/NG0955 @ http://localhost:4300/@fs/Users/wongjunmun/development/ai-development/software-factory/web/.angular/cache/22.0.0/web/vite/deps/chunk-AJ7QU3YV.js?v=67b7a837:17738
[     106ms] [WARNING] NG0955: The provided track expression resulted in duplicated keys for a given collection. Adjust the tracking expression such that it uniquely identifies all the items in the collection. Duplicated keys were: 
key "Ref" at index "2" and "3". Find more at https://v22.angular.dev/errors/NG0955 @ http://localhost:4300/@fs/Users/wongjunmun/development/ai-development/software-factory/web/.angular/cache/22.0.0/web/vite/deps/chunk-AJ7QU3YV.js?v=67b7a837:17738
[     106ms] [WARNING] NG0955: The provided track expression resulted in duplicated keys for a given collection. Adjust the tracking expression such that it uniquely identifies all the items in the collection. Duplicated keys were: 
key "Ref" at index "2" and "3". Find more at https://v22.angular.dev/errors/NG0955 @ http://localhost:4300/@fs/Users/wongjunmun/development/ai-development/software-factory/web/.angular/cache/22.0.0/web/vite/deps/chunk-AJ7QU3YV.js?v=67b7a837:17738
[   36067ms] [ERROR] Failed to load resource: the server responded with a status of 500 (Internal Server Error) @ http://localhost:4300/api/events?after=35:0
[   36068ms] [ERROR] ERROR HttpErrorResponse @ http://localhost:4300/@fs/Users/wongjunmun/development/ai-development/software-factory/web/.angular/cache/22.0.0/web/vite/deps/chunk-AJ7QU3YV.js?v=67b7a837:3194
[   40067ms] [ERROR] Failed to load resource: the server responded with a status of 500 (Internal Server Error) @ http://localhost:4300/api/events?after=35:0
[   40067ms] [ERROR] ERROR HttpErrorResponse @ http://localhost:4300/@fs/Users/wongjunmun/development/ai-development/software-factory/web/.angular/cache/22.0.0/web/vite/deps/chunk-AJ7QU3YV.js?v=67b7a837:3194
