[      66ms] [LOG] Angular is running in development mode. @ http://localhost:4300/@fs/Users/wongjunmun/development/ai-development/software-factory/web/.angular/cache/22.0.0/web/vite/deps/chunk-AJ7QU3YV.js?v=67b7a837:14866
[      98ms] [WARNING] NG0955: The provided track expression resulted in duplicated keys for a given collection. Adjust the tracking expression such that it uniquely identifies all the items in the collection. Duplicated keys were: 
key "Ref" at index "2" and "3". Find more at https://v22.angular.dev/errors/NG0955 @ http://localhost:4300/@fs/Users/wongjunmun/development/ai-development/software-factory/web/.angular/cache/22.0.0/web/vite/deps/chunk-AJ7QU3YV.js?v=67b7a837:17738
[      98ms] [WARNING] NG0955: The provided track expression resulted in duplicated keys for a given collection. Adjust the tracking expression such that it uniquely identifies all the items in the collection. Duplicated keys were: 
key "Ref" at index "2" and "3". Find more at https://v22.angular.dev/errors/NG0955 @ http://localhost:4300/@fs/Users/wongjunmun/development/ai-development/software-factory/web/.angular/cache/22.0.0/web/vite/deps/chunk-AJ7QU3YV.js?v=67b7a837:17738
[      98ms] [WARNING] NG0955: The provided track expression resulted in duplicated keys for a given collection. Adjust the tracking expression such that it uniquely identifies all the items in the collection. Duplicated keys were: 
key "Ref" at index "2" and "3". Find more at https://v22.angular.dev/errors/NG0955 @ http://localhost:4300/@fs/Users/wongjunmun/development/ai-development/software-factory/web/.angular/cache/22.0.0/web/vite/deps/chunk-AJ7QU3YV.js?v=67b7a837:17738
[     100ms] [WARNING] NG0955: The provided track expression resulted in duplicated keys for a given collection. Adjust the tracking expression such that it uniquely identifies all the items in the collection. Duplicated keys were: 
key "Ref" at index "2" and "3". Find more at https://v22.angular.dev/errors/NG0955 @ http://localhost:4300/@fs/Users/wongjunmun/development/ai-development/software-factory/web/.angular/cache/22.0.0/web/vite/deps/chunk-AJ7QU3YV.js?v=67b7a837:17738
[     100ms] [WARNING] NG0955: The provided track expression resulted in duplicated keys for a given collection. Adjust the tracking expression such that it uniquely identifies all the items in the collection. Duplicated keys were: 
key "Ref" at index "2" and "3". Find more at https://v22.angular.dev/errors/NG0955 @ http://localhost:4300/@fs/Users/wongjunmun/development/ai-development/software-factory/web/.angular/cache/22.0.0/web/vite/deps/chunk-AJ7QU3YV.js?v=67b7a837:17738
[     100ms] [WARNING] NG0955: The provided track expression resulted in duplicated keys for a given collection. Adjust the tracking expression such that it uniquely identifies all the items in the collection. Duplicated keys were: 
key "Ref" at index "2" and "3". Find more at https://v22.angular.dev/errors/NG0955 @ http://localhost:4300/@fs/Users/wongjunmun/development/ai-development/software-factory/web/.angular/cache/22.0.0/web/vite/deps/chunk-AJ7QU3YV.js?v=67b7a837:17738
[    9542ms] [WARNING] NG0955: The provided track expression resulted in duplicated keys for a given collection. Adjust the tracking expression such that it uniquely identifies all the items in the collection. Duplicated keys were: 
key "Ref" at index "2" and "3". Find more at https://v22.angular.dev/errors/NG0955 @ http://localhost:4300/@fs/Users/wongjunmun/development/ai-development/software-factory/web/.angular/cache/22.0.0/web/vite/deps/chunk-AJ7QU3YV.js?v=67b7a837:17738
[    9542ms] [WARNING] NG0955: The provided track expression resulted in duplicated keys for a given collection. Adjust the tracking expression such that it uniquely identifies all the items in the collection. Duplicated keys were: 
key "Ref" at index "2" and "3". Find more at https://v22.angular.dev/errors/NG0955 @ http://localhost:4300/@fs/Users/wongjunmun/development/ai-development/software-factory/web/.angular/cache/22.0.0/web/vite/deps/chunk-AJ7QU3YV.js?v=67b7a837:17738
[    9542ms] [WARNING] NG0955: The provided track expression resulted in duplicated keys for a given collection. Adjust the tracking expression such that it uniquely identifies all the items in the collection. Duplicated keys were: 
key "Ref" at index "2" and "3". Find more at https://v22.angular.dev/errors/NG0955 @ http://localhost:4300/@fs/Users/wongjunmun/development/ai-development/software-factory/web/.angular/cache/22.0.0/web/vite/deps/chunk-AJ7QU3YV.js?v=67b7a837:17738
[    9560ms] [WARNING] NG0955: The provided track expression resulted in duplicated keys for a given collection. Adjust the tracking expression such that it uniquely identifies all the items in the collection. Duplicated keys were: 
key "Ref" at index "2" and "3". Find more at https://v22.angular.dev/errors/NG0955 @ http://localhost:4300/@fs/Users/wongjunmun/development/ai-development/software-factory/web/.angular/cache/22.0.0/web/vite/deps/chunk-AJ7QU3YV.js?v=67b7a837:17738
[    9560ms] [WARNING] NG0955: The provided track expression resulted in duplicated keys for a given collection. Adjust the tracking expression such that it uniquely identifies all the items in the collection. Duplicated keys were: 
key "Ref" at index "2" and "3". Find more at https://v22.angular.dev/errors/NG0955 @ http://localhost:4300/@fs/Users/wongjunmun/development/ai-development/software-factory/web/.angular/cache/22.0.0/web/vite/deps/chunk-AJ7QU3YV.js?v=67b7a837:17738
[    9560ms] [WARNING] NG0955: The provided track expression resulted in duplicated keys for a given collection. Adjust the tracking expression such that it uniquely identifies all the items in the collection. Duplicated keys were: 
key "Ref" at index "2" and "3". Find more at https://v22.angular.dev/errors/NG0955 @ http://localhost:4300/@fs/Users/wongjunmun/development/ai-development/software-factory/web/.angular/cache/22.0.0/web/vite/deps/chunk-AJ7QU3YV.js?v=67b7a837:17738
[    9560ms] [WARNING] NG0955: The provided track expression resulted in duplicated keys for a given collection. Adjust the tracking expression such that it uniquely identifies all the items in the collection. Duplicated keys were: 
key "Ref" at index "2" and "3". Find more at https://v22.angular.dev/errors/NG0955 @ http://localhost:4300/@fs/Users/wongjunmun/development/ai-development/software-factory/web/.angular/cache/22.0.0/web/vite/deps/chunk-AJ7QU3YV.js?v=67b7a837:17738
[    9560ms] [WARNING] NG0955: The provided track expression resulted in duplicated keys for a given collection. Adjust the tracking expression such that it uniquely identifies all the items in the collection. Duplicated keys were: 
key "Ref" at index "2" and "3". Find more at https://v22.angular.dev/errors/NG0955 @ http://localhost:4300/@fs/Users/wongjunmun/development/ai-development/software-factory/web/.angular/cache/22.0.0/web/vite/deps/chunk-AJ7QU3YV.js?v=67b7a837:17738
[    9560ms] [WARNING] NG0955: The provided track expression resulted in duplicated keys for a given collection. Adjust the tracking expression such that it uniquely identifies all the items in the collection. Duplicated keys were: 
key "Ref" at index "2" and "3". Find more at https://v22.angular.dev/errors/NG0955 @ http://localhost:4300/@fs/Users/wongjunmun/development/ai-development/software-factory/web/.angular/cache/22.0.0/web/vite/deps/chunk-AJ7QU3YV.js?v=67b7a837:17738
[    9569ms] [WARNING] NG0955: The provided track expression resulted in duplicated keys for a given collection. Adjust the tracking expression such that it uniquely identifies all the items in the collection. Duplicated keys were: 
key "Ref" at index "2" and "3". Find more at https://v22.angular.dev/errors/NG0955 @ http://localhost:4300/@fs/Users/wongjunmun/development/ai-development/software-factory/web/.angular/cache/22.0.0/web/vite/deps/chunk-AJ7QU3YV.js?v=67b7a837:17738
[    9570ms] [WARNING] NG0955: The provided track expression resulted in duplicated keys for a given collection. Adjust the tracking expression such that it uniquely identifies all the items in the collection. Duplicated keys were: 
key "Ref" at index "2" and "3". Find more at https://v22.angular.dev/errors/NG0955 @ http://localhost:4300/@fs/Users/wongjunmun/development/ai-development/software-factory/web/.angular/cache/22.0.0/web/vite/deps/chunk-AJ7QU3YV.js?v=67b7a837:17738
[    9570ms] [WARNING] NG0955: The provided track expression resulted in duplicated keys for a given collection. Adjust the tracking expression such that it uniquely identifies all the items in the collection. Duplicated keys were: 
key "Ref" at index "2" and "3". Find more at https://v22.angular.dev/errors/NG0955 @ http://localhost:4300/@fs/Users/wongjunmun/development/ai-development/software-factory/web/.angular/cache/22.0.0/web/vite/deps/chunk-AJ7QU3YV.js?v=67b7a837:17738
[    9571ms] [WARNING] NG0955: The provided track expression resulted in duplicated keys for a given collection. Adjust the tracking expression such that it uniquely identifies all the items in the collection. Duplicated keys were: 
key "Ref" at index "2" and "3". Find more at https://v22.angular.dev/errors/NG0955 @ http://localhost:4300/@fs/Users/wongjunmun/development/ai-development/software-factory/web/.angular/cache/22.0.0/web/vite/deps/chunk-AJ7QU3YV.js?v=67b7a837:17738
[    9571ms] [WARNING] NG0955: The provided track expression resulted in duplicated keys for a given collection. Adjust the tracking expression such that it uniquely identifies all the items in the collection. Duplicated keys were: 
key "Ref" at index "2" and "3". Find more at https://v22.angular.dev/errors/NG0955 @ http://localhost:4300/@fs/Users/wongjunmun/development/ai-development/software-factory/web/.angular/cache/22.0.0/web/vite/deps/chunk-AJ7QU3YV.js?v=67b7a837:17738
[    9571ms] [WARNING] NG0955: The provided track expression resulted in duplicated keys for a given collection. Adjust the tracking expression such that it uniquely identifies all the items in the collection. Duplicated keys were: 
key "Ref" at index "2" and "3". Find more at https://v22.angular.dev/errors/NG0955 @ http://localhost:4300/@fs/Users/wongjunmun/development/ai-development/software-factory/web/.angular/cache/22.0.0/web/vite/deps/chunk-AJ7QU3YV.js?v=67b7a837:17738
[   12083ms] [WARNING] NG0955: The provided track expression resulted in duplicated keys for a given collection. Adjust the tracking expression such that it uniquely identifies all the items in the collection. Duplicated keys were: 
key "Ref" at index "2" and "3". Find more at https://v22.angular.dev/errors/NG0955 @ http://localhost:4300/@fs/Users/wongjunmun/development/ai-development/software-factory/web/.angular/cache/22.0.0/web/vite/deps/chunk-AJ7QU3YV.js?v=67b7a837:17738
[   12083ms] [WARNING] NG0955: The provided track expression resulted in duplicated keys for a given collection. Adjust the tracking expression such that it uniquely identifies all the items in the collection. Duplicated keys were: 
key "Ref" at index "2" and "3". Find more at https://v22.angular.dev/errors/NG0955 @ http://localhost:4300/@fs/Users/wongjunmun/development/ai-development/software-factory/web/.angular/cache/22.0.0/web/vite/deps/chunk-AJ7QU3YV.js?v=67b7a837:17738
[   12083ms] [WARNING] NG0955: The provided track expression resulted in duplicated keys for a given collection. Adjust the tracking expression such that it uniquely identifies all the items in the collection. Duplicated keys were: 
key "Ref" at index "2" and "3". Find more at https://v22.angular.dev/errors/NG0955 @ http://localhost:4300/@fs/Users/wongjunmun/development/ai-development/software-factory/web/.angular/cache/22.0.0/web/vite/deps/chunk-AJ7QU3YV.js?v=67b7a837:17738
[   12084ms] [WARNING] NG0955: The provided track expression resulted in duplicated keys for a given collection. Adjust the tracking expression such that it uniquely identifies all the items in the collection. Duplicated keys were: 
key "Ref" at index "2" and "3". Find more at https://v22.angular.dev/errors/NG0955 @ http://localhost:4300/@fs/Users/wongjunmun/development/ai-development/software-factory/web/.angular/cache/22.0.0/web/vite/deps/chunk-AJ7QU3YV.js?v=67b7a837:17738
[   12084ms] [WARNING] NG0955: The provided track expression resulted in duplicated keys for a given collection. Adjust the tracking expression such that it uniquely identifies all the items in the collection. Duplicated keys were: 
key "Ref" at index "2" and "3". Find more at https://v22.angular.dev/errors/NG0955 @ http://localhost:4300/@fs/Users/wongjunmun/development/ai-development/software-factory/web/.angular/cache/22.0.0/web/vite/deps/chunk-AJ7QU3YV.js?v=67b7a837:17738
[   12084ms] [WARNING] NG0955: The provided track expression resulted in duplicated keys for a given collection. Adjust the tracking expression such that it uniquely identifies all the items in the collection. Duplicated keys were: 
key "Ref" at index "2" and "3". Find more at https://v22.angular.dev/errors/NG0955 @ http://localhost:4300/@fs/Users/wongjunmun/development/ai-development/software-factory/web/.angular/cache/22.0.0/web/vite/deps/chunk-AJ7QU3YV.js?v=67b7a837:17738
[   12090ms] [WARNING] NG0955: The provided track expression resulted in duplicated keys for a given collection. Adjust the tracking expression such that it uniquely identifies all the items in the collection. Duplicated keys were: 
key "Ref" at index "2" and "3". Find more at https://v22.angular.dev/errors/NG0955 @ http://localhost:4300/@fs/Users/wongjunmun/development/ai-development/software-factory/web/.angular/cache/22.0.0/web/vite/deps/chunk-AJ7QU3YV.js?v=67b7a837:17738
[   12090ms] [WARNING] NG0955: The provided track expression resulted in duplicated keys for a given collection. Adjust the tracking expression such that it uniquely identifies all the items in the collection. Duplicated keys were: 
key "Ref" at index "2" and "3". Find more at https://v22.angular.dev/errors/NG0955 @ http://localhost:4300/@fs/Users/wongjunmun/development/ai-development/software-factory/web/.angular/cache/22.0.0/web/vite/deps/chunk-AJ7QU3YV.js?v=67b7a837:17738
[   12090ms] [WARNING] NG0955: The provided track expression resulted in duplicated keys for a given collection. Adjust the tracking expression such that it uniquely identifies all the items in the collection. Duplicated keys were: 
key "Ref" at index "2" and "3". Find more at https://v22.angular.dev/errors/NG0955 @ http://localhost:4300/@fs/Users/wongjunmun/development/ai-development/software-factory/web/.angular/cache/22.0.0/web/vite/deps/chunk-AJ7QU3YV.js?v=67b7a837:17738
[   12091ms] [WARNING] NG0955: The provided track expression resulted in duplicated keys for a given collection. Adjust the tracking expression such that it uniquely identifies all the items in the collection. Duplicated keys were: 
key "Ref" at index "2" and "3". Find more at https://v22.angular.dev/errors/NG0955 @ http://localhost:4300/@fs/Users/wongjunmun/development/ai-development/software-factory/web/.angular/cache/22.0.0/web/vite/deps/chunk-AJ7QU3YV.js?v=67b7a837:17738
[   12091ms] [WARNING] NG0955: The provided track expression resulted in duplicated keys for a given collection. Adjust the tracking expression such that it uniquely identifies all the items in the collection. Duplicated keys were: 
key "Ref" at index "2" and "3". Find more at https://v22.angular.dev/errors/NG0955 @ http://localhost:4300/@fs/Users/wongjunmun/development/ai-development/software-factory/web/.angular/cache/22.0.0/web/vite/deps/chunk-AJ7QU3YV.js?v=67b7a837:17738
[   12091ms] [WARNING] NG0955: The provided track expression resulted in duplicated keys for a given collection. Adjust the tracking expression such that it uniquely identifies all the items in the collection. Duplicated keys were: 
key "Ref" at index "2" and "3". Find more at https://v22.angular.dev/errors/NG0955 @ http://localhost:4300/@fs/Users/wongjunmun/development/ai-development/software-factory/web/.angular/cache/22.0.0/web/vite/deps/chunk-AJ7QU3YV.js?v=67b7a837:17738
