[      67ms] [LOG] Angular is running in development mode. @ http://localhost:4300/@fs/Users/wongjunmun/development/ai-development/software-factory/web/.angular/cache/22.0.0/web/vite/deps/chunk-AJ7QU3YV.js?v=67b7a837:14866
[     107ms] [WARNING] NG0955: The provided track expression resulted in duplicated keys for a given collection. Adjust the tracking expression such that it uniquely identifies all the items in the collection. Duplicated keys were: 
key "Ref" at index "2" and "3". Find more at https://v22.angular.dev/errors/NG0955 @ http://localhost:4300/@fs/Users/wongjunmun/development/ai-development/software-factory/web/.angular/cache/22.0.0/web/vite/deps/chunk-AJ7QU3YV.js?v=67b7a837:17738
[     108ms] [WARNING] NG0955: The provided track expression resulted in duplicated keys for a given collection. Adjust the tracking expression such that it uniquely identifies all the items in the collection. Duplicated keys were: 
key "Ref" at index "2" and "3". Find more at https://v22.angular.dev/errors/NG0955 @ http://localhost:4300/@fs/Users/wongjunmun/development/ai-development/software-factory/web/.angular/cache/22.0.0/web/vite/deps/chunk-AJ7QU3YV.js?v=67b7a837:17738
[     108ms] [WARNING] NG0955: The provided track expression resulted in duplicated keys for a given collection. Adjust the tracking expression such that it uniquely identifies all the items in the collection. Duplicated keys were: 
key "Ref" at index "2" and "3". Find more at https://v22.angular.dev/errors/NG0955 @ http://localhost:4300/@fs/Users/wongjunmun/development/ai-development/software-factory/web/.angular/cache/22.0.0/web/vite/deps/chunk-AJ7QU3YV.js?v=67b7a837:17738
[     110ms] [WARNING] NG0955: The provided track expression resulted in duplicated keys for a given collection. Adjust the tracking expression such that it uniquely identifies all the items in the collection. Duplicated keys were: 
key "Ref" at index "2" and "3". Find more at https://v22.angular.dev/errors/NG0955 @ http://localhost:4300/@fs/Users/wongjunmun/development/ai-development/software-factory/web/.angular/cache/22.0.0/web/vite/deps/chunk-AJ7QU3YV.js?v=67b7a837:17738
[     110ms] [WARNING] NG0955: The provided track expression resulted in duplicated keys for a given collection. Adjust the tracking expression such that it uniquely identifies all the items in the collection. Duplicated keys were: 
key "Ref" at index "2" and "3". Find more at https://v22.angular.dev/errors/NG0955 @ http://localhost:4300/@fs/Users/wongjunmun/development/ai-development/software-factory/web/.angular/cache/22.0.0/web/vite/deps/chunk-AJ7QU3YV.js?v=67b7a837:17738
[     110ms] [WARNING] NG0955: The provided track expression resulted in duplicated keys for a given collection. Adjust the tracking expression such that it uniquely identifies all the items in the collection. Duplicated keys were: 
key "Ref" at index "2" and "3". Find more at https://v22.angular.dev/errors/NG0955 @ http://localhost:4300/@fs/Users/wongjunmun/development/ai-development/software-factory/web/.angular/cache/22.0.0/web/vite/deps/chunk-AJ7QU3YV.js?v=67b7a837:17738
[     111ms] [WARNING] NG0955: The provided track expression resulted in duplicated keys for a given collection. Adjust the tracking expression such that it uniquely identifies all the items in the collection. Duplicated keys were: 
key "Ref" at index "2" and "3". Find more at https://v22.angular.dev/errors/NG0955 @ http://localhost:4300/@fs/Users/wongjunmun/development/ai-development/software-factory/web/.angular/cache/22.0.0/web/vite/deps/chunk-AJ7QU3YV.js?v=67b7a837:17738
[     111ms] [WARNING] NG0955: The provided track expression resulted in duplicated keys for a given collection. Adjust the tracking expression such that it uniquely identifies all the items in the collection. Duplicated keys were: 
key "Ref" at index "2" and "3". Find more at https://v22.angular.dev/errors/NG0955 @ http://localhost:4300/@fs/Users/wongjunmun/development/ai-development/software-factory/web/.angular/cache/22.0.0/web/vite/deps/chunk-AJ7QU3YV.js?v=67b7a837:17738
[     111ms] [WARNING] NG0955: The provided track expression resulted in duplicated keys for a given collection. Adjust the tracking expression such that it uniquely identifies all the items in the collection. Duplicated keys were: 
key "Ref" at index "2" and "3". Find more at https://v22.angular.dev/errors/NG0955 @ http://localhost:4300/@fs/Users/wongjunmun/development/ai-development/software-factory/web/.angular/cache/22.0.0/web/vite/deps/chunk-AJ7QU3YV.js?v=67b7a837:17738
[     112ms] [WARNING] NG0955: The provided track expression resulted in duplicated keys for a given collection. Adjust the tracking expression such that it uniquely identifies all the items in the collection. Duplicated keys were: 
key "Ref" at index "2" and "3". Find more at https://v22.angular.dev/errors/NG0955 @ http://localhost:4300/@fs/Users/wongjunmun/development/ai-development/software-factory/web/.angular/cache/22.0.0/web/vite/deps/chunk-AJ7QU3YV.js?v=67b7a837:17738
[     112ms] [WARNING] NG0955: The provided track expression resulted in duplicated keys for a given collection. Adjust the tracking expression such that it uniquely identifies all the items in the collection. Duplicated keys were: 
key "Ref" at index "2" and "3". Find more at https://v22.angular.dev/errors/NG0955 @ http://localhost:4300/@fs/Users/wongjunmun/development/ai-development/software-factory/web/.angular/cache/22.0.0/web/vite/deps/chunk-AJ7QU3YV.js?v=67b7a837:17738
[     112ms] [WARNING] NG0955: The provided track expression resulted in duplicated keys for a given collection. Adjust the tracking expression such that it uniquely identifies all the items in the collection. Duplicated keys were: 
key "Ref" at index "2" and "3". Find more at https://v22.angular.dev/errors/NG0955 @ http://localhost:4300/@fs/Users/wongjunmun/development/ai-development/software-factory/web/.angular/cache/22.0.0/web/vite/deps/chunk-AJ7QU3YV.js?v=67b7a837:17738
[     114ms] [WARNING] NG0955: The provided track expression resulted in duplicated keys for a given collection. Adjust the tracking expression such that it uniquely identifies all the items in the collection. Duplicated keys were: 
key "Ref" at index "2" and "3". Find more at https://v22.angular.dev/errors/NG0955 @ http://localhost:4300/@fs/Users/wongjunmun/development/ai-development/software-factory/web/.angular/cache/22.0.0/web/vite/deps/chunk-AJ7QU3YV.js?v=67b7a837:17738
[     115ms] [WARNING] NG0955: The provided track expression resulted in duplicated keys for a given collection. Adjust the tracking expression such that it uniquely identifies all the items in the collection. Duplicated keys were: 
key "Ref" at index "2" and "3". Find more at https://v22.angular.dev/errors/NG0955 @ http://localhost:4300/@fs/Users/wongjunmun/development/ai-development/software-factory/web/.angular/cache/22.0.0/web/vite/deps/chunk-AJ7QU3YV.js?v=67b7a837:17738
[     115ms] [WARNING] NG0955: The provided track expression resulted in duplicated keys for a given collection. Adjust the tracking expression such that it uniquely identifies all the items in the collection. Duplicated keys were: 
key "Ref" at index "2" and "3". Find more at https://v22.angular.dev/errors/NG0955 @ http://localhost:4300/@fs/Users/wongjunmun/development/ai-development/software-factory/web/.angular/cache/22.0.0/web/vite/deps/chunk-AJ7QU3YV.js?v=67b7a837:17738
[     116ms] [WARNING] NG0955: The provided track expression resulted in duplicated keys for a given collection. Adjust the tracking expression such that it uniquely identifies all the items in the collection. Duplicated keys were: 
key "Ref" at index "2" and "3". Find more at https://v22.angular.dev/errors/NG0955 @ http://localhost:4300/@fs/Users/wongjunmun/development/ai-development/software-factory/web/.angular/cache/22.0.0/web/vite/deps/chunk-AJ7QU3YV.js?v=67b7a837:17738
[     116ms] [WARNING] NG0955: The provided track expression resulted in duplicated keys for a given collection. Adjust the tracking expression such that it uniquely identifies all the items in the collection. Duplicated keys were: 
key "Ref" at index "2" and "3". Find more at https://v22.angular.dev/errors/NG0955 @ http://localhost:4300/@fs/Users/wongjunmun/development/ai-development/software-factory/web/.angular/cache/22.0.0/web/vite/deps/chunk-AJ7QU3YV.js?v=67b7a837:17738
[     116ms] [WARNING] NG0955: The provided track expression resulted in duplicated keys for a given collection. Adjust the tracking expression such that it uniquely identifies all the items in the collection. Duplicated keys were: 
key "Ref" at index "2" and "3". Find more at https://v22.angular.dev/errors/NG0955 @ http://localhost:4300/@fs/Users/wongjunmun/development/ai-development/software-factory/web/.angular/cache/22.0.0/web/vite/deps/chunk-AJ7QU3YV.js?v=67b7a837:17738
[     119ms] [WARNING] NG0955: The provided track expression resulted in duplicated keys for a given collection. Adjust the tracking expression such that it uniquely identifies all the items in the collection. Duplicated keys were: 
key "Ref" at index "2" and "3". Find more at https://v22.angular.dev/errors/NG0955 @ http://localhost:4300/@fs/Users/wongjunmun/development/ai-development/software-factory/web/.angular/cache/22.0.0/web/vite/deps/chunk-AJ7QU3YV.js?v=67b7a837:17738
[     120ms] [WARNING] NG0955: The provided track expression resulted in duplicated keys for a given collection. Adjust the tracking expression such that it uniquely identifies all the items in the collection. Duplicated keys were: 
key "Ref" at index "2" and "3". Find more at https://v22.angular.dev/errors/NG0955 @ http://localhost:4300/@fs/Users/wongjunmun/development/ai-development/software-factory/web/.angular/cache/22.0.0/web/vite/deps/chunk-AJ7QU3YV.js?v=67b7a837:17738
[     120ms] [WARNING] NG0955: The provided track expression resulted in duplicated keys for a given collection. Adjust the tracking expression such that it uniquely identifies all the items in the collection. Duplicated keys were: 
key "Ref" at index "2" and "3". Find more at https://v22.angular.dev/errors/NG0955 @ http://localhost:4300/@fs/Users/wongjunmun/development/ai-development/software-factory/web/.angular/cache/22.0.0/web/vite/deps/chunk-AJ7QU3YV.js?v=67b7a837:17738
[     121ms] [WARNING] NG0955: The provided track expression resulted in duplicated keys for a given collection. Adjust the tracking expression such that it uniquely identifies all the items in the collection. Duplicated keys were: 
key "Ref" at index "2" and "3". Find more at https://v22.angular.dev/errors/NG0955 @ http://localhost:4300/@fs/Users/wongjunmun/development/ai-development/software-factory/web/.angular/cache/22.0.0/web/vite/deps/chunk-AJ7QU3YV.js?v=67b7a837:17738
[     121ms] [WARNING] NG0955: The provided track expression resulted in duplicated keys for a given collection. Adjust the tracking expression such that it uniquely identifies all the items in the collection. Duplicated keys were: 
key "Ref" at index "2" and "3". Find more at https://v22.angular.dev/errors/NG0955 @ http://localhost:4300/@fs/Users/wongjunmun/development/ai-development/software-factory/web/.angular/cache/22.0.0/web/vite/deps/chunk-AJ7QU3YV.js?v=67b7a837:17738
[     121ms] [WARNING] NG0955: The provided track expression resulted in duplicated keys for a given collection. Adjust the tracking expression such that it uniquely identifies all the items in the collection. Duplicated keys were: 
key "Ref" at index "2" and "3". Find more at https://v22.angular.dev/errors/NG0955 @ http://localhost:4300/@fs/Users/wongjunmun/development/ai-development/software-factory/web/.angular/cache/22.0.0/web/vite/deps/chunk-AJ7QU3YV.js?v=67b7a837:17738
[     122ms] [WARNING] NG0955: The provided track expression resulted in duplicated keys for a given collection. Adjust the tracking expression such that it uniquely identifies all the items in the collection. Duplicated keys were: 
key "Ref" at index "2" and "3". Find more at https://v22.angular.dev/errors/NG0955 @ http://localhost:4300/@fs/Users/wongjunmun/development/ai-development/software-factory/web/.angular/cache/22.0.0/web/vite/deps/chunk-AJ7QU3YV.js?v=67b7a837:17738
[     122ms] [WARNING] NG0955: The provided track expression resulted in duplicated keys for a given collection. Adjust the tracking expression such that it uniquely identifies all the items in the collection. Duplicated keys were: 
key "Ref" at index "2" and "3". Find more at https://v22.angular.dev/errors/NG0955 @ http://localhost:4300/@fs/Users/wongjunmun/development/ai-development/software-factory/web/.angular/cache/22.0.0/web/vite/deps/chunk-AJ7QU3YV.js?v=67b7a837:17738
[     122ms] [WARNING] NG0955: The provided track expression resulted in duplicated keys for a given collection. Adjust the tracking expression such that it uniquely identifies all the items in the collection. Duplicated keys were: 
key "Ref" at index "2" and "3". Find more at https://v22.angular.dev/errors/NG0955 @ http://localhost:4300/@fs/Users/wongjunmun/development/ai-development/software-factory/web/.angular/cache/22.0.0/web/vite/deps/chunk-AJ7QU3YV.js?v=67b7a837:17738
[     122ms] [WARNING] NG0955: The provided track expression resulted in duplicated keys for a given collection. Adjust the tracking expression such that it uniquely identifies all the items in the collection. Duplicated keys were: 
key "Ref" at index "2" and "3". Find more at https://v22.angular.dev/errors/NG0955 @ http://localhost:4300/@fs/Users/wongjunmun/development/ai-development/software-factory/web/.angular/cache/22.0.0/web/vite/deps/chunk-AJ7QU3YV.js?v=67b7a837:17738
[     122ms] [WARNING] NG0955: The provided track expression resulted in duplicated keys for a given collection. Adjust the tracking expression such that it uniquely identifies all the items in the collection. Duplicated keys were: 
key "Ref" at index "2" and "3". Find more at https://v22.angular.dev/errors/NG0955 @ http://localhost:4300/@fs/Users/wongjunmun/development/ai-development/software-factory/web/.angular/cache/22.0.0/web/vite/deps/chunk-AJ7QU3YV.js?v=67b7a837:17738
[     122ms] [WARNING] NG0955: The provided track expression resulted in duplicated keys for a given collection. Adjust the tracking expression such that it uniquely identifies all the items in the collection. Duplicated keys were: 
key "Ref" at index "2" and "3". Find more at https://v22.angular.dev/errors/NG0955 @ http://localhost:4300/@fs/Users/wongjunmun/development/ai-development/software-factory/web/.angular/cache/22.0.0/web/vite/deps/chunk-AJ7QU3YV.js?v=67b7a837:17738
[   10268ms] [WARNING] NG0955: The provided track expression resulted in duplicated keys for a given collection. Adjust the tracking expression such that it uniquely identifies all the items in the collection. Duplicated keys were: 
key "Ref" at index "2" and "3". Find more at https://v22.angular.dev/errors/NG0955 @ http://localhost:4300/@fs/Users/wongjunmun/development/ai-development/software-factory/web/.angular/cache/22.0.0/web/vite/deps/chunk-AJ7QU3YV.js?v=67b7a837:17738
[   10268ms] [WARNING] NG0955: The provided track expression resulted in duplicated keys for a given collection. Adjust the tracking expression such that it uniquely identifies all the items in the collection. Duplicated keys were: 
key "Ref" at index "2" and "3". Find more at https://v22.angular.dev/errors/NG0955 @ http://localhost:4300/@fs/Users/wongjunmun/development/ai-development/software-factory/web/.angular/cache/22.0.0/web/vite/deps/chunk-AJ7QU3YV.js?v=67b7a837:17738
[   10269ms] [WARNING] NG0955: The provided track expression resulted in duplicated keys for a given collection. Adjust the tracking expression such that it uniquely identifies all the items in the collection. Duplicated keys were: 
key "Ref" at index "2" and "3". Find more at https://v22.angular.dev/errors/NG0955 @ http://localhost:4300/@fs/Users/wongjunmun/development/ai-development/software-factory/web/.angular/cache/22.0.0/web/vite/deps/chunk-AJ7QU3YV.js?v=67b7a837:17738
[  434182ms] [LOG] Angular is running in development mode. @ http://localhost:4300/@fs/Users/wongjunmun/development/ai-development/software-factory/web/.angular/cache/22.0.0/web/vite/deps/chunk-AJ7QU3YV.js?v=67b7a837:14866
[  434231ms] [WARNING] NG0955: The provided track expression resulted in duplicated keys for a given collection. Adjust the tracking expression such that it uniquely identifies all the items in the collection. Duplicated keys were: 
key "Ref" at index "2" and "3". Find more at https://v22.angular.dev/errors/NG0955 @ http://localhost:4300/@fs/Users/wongjunmun/development/ai-development/software-factory/web/.angular/cache/22.0.0/web/vite/deps/chunk-AJ7QU3YV.js?v=67b7a837:17738
[  434231ms] [WARNING] NG0955: The provided track expression resulted in duplicated keys for a given collection. Adjust the tracking expression such that it uniquely identifies all the items in the collection. Duplicated keys were: 
key "Ref" at index "2" and "3". Find more at https://v22.angular.dev/errors/NG0955 @ http://localhost:4300/@fs/Users/wongjunmun/development/ai-development/software-factory/web/.angular/cache/22.0.0/web/vite/deps/chunk-AJ7QU3YV.js?v=67b7a837:17738
[  434231ms] [WARNING] NG0955: The provided track expression resulted in duplicated keys for a given collection. Adjust the tracking expression such that it uniquely identifies all the items in the collection. Duplicated keys were: 
key "Ref" at index "2" and "3". Find more at https://v22.angular.dev/errors/NG0955 @ http://localhost:4300/@fs/Users/wongjunmun/development/ai-development/software-factory/web/.angular/cache/22.0.0/web/vite/deps/chunk-AJ7QU3YV.js?v=67b7a837:17738
[  434233ms] [WARNING] NG0955: The provided track expression resulted in duplicated keys for a given collection. Adjust the tracking expression such that it uniquely identifies all the items in the collection. Duplicated keys were: 
key "Ref" at index "2" and "3". Find more at https://v22.angular.dev/errors/NG0955 @ http://localhost:4300/@fs/Users/wongjunmun/development/ai-development/software-factory/web/.angular/cache/22.0.0/web/vite/deps/chunk-AJ7QU3YV.js?v=67b7a837:17738
[  434233ms] [WARNING] NG0955: The provided track expression resulted in duplicated keys for a given collection. Adjust the tracking expression such that it uniquely identifies all the items in the collection. Duplicated keys were: 
key "Ref" at index "2" and "3". Find more at https://v22.angular.dev/errors/NG0955 @ http://localhost:4300/@fs/Users/wongjunmun/development/ai-development/software-factory/web/.angular/cache/22.0.0/web/vite/deps/chunk-AJ7QU3YV.js?v=67b7a837:17738
[  434233ms] [WARNING] NG0955: The provided track expression resulted in duplicated keys for a given collection. Adjust the tracking expression such that it uniquely identifies all the items in the collection. Duplicated keys were: 
key "Ref" at index "2" and "3". Find more at https://v22.angular.dev/errors/NG0955 @ http://localhost:4300/@fs/Users/wongjunmun/development/ai-development/software-factory/web/.angular/cache/22.0.0/web/vite/deps/chunk-AJ7QU3YV.js?v=67b7a837:17738
[  434234ms] [WARNING] NG0955: The provided track expression resulted in duplicated keys for a given collection. Adjust the tracking expression such that it uniquely identifies all the items in the collection. Duplicated keys were: 
key "Ref" at index "2" and "3". Find more at https://v22.angular.dev/errors/NG0955 @ http://localhost:4300/@fs/Users/wongjunmun/development/ai-development/software-factory/web/.angular/cache/22.0.0/web/vite/deps/chunk-AJ7QU3YV.js?v=67b7a837:17738
[  434234ms] [WARNING] NG0955: The provided track expression resulted in duplicated keys for a given collection. Adjust the tracking expression such that it uniquely identifies all the items in the collection. Duplicated keys were: 
key "Ref" at index "2" and "3". Find more at https://v22.angular.dev/errors/NG0955 @ http://localhost:4300/@fs/Users/wongjunmun/development/ai-development/software-factory/web/.angular/cache/22.0.0/web/vite/deps/chunk-AJ7QU3YV.js?v=67b7a837:17738
[  434234ms] [WARNING] NG0955: The provided track expression resulted in duplicated keys for a given collection. Adjust the tracking expression such that it uniquely identifies all the items in the collection. Duplicated keys were: 
key "Ref" at index "2" and "3". Find more at https://v22.angular.dev/errors/NG0955 @ http://localhost:4300/@fs/Users/wongjunmun/development/ai-development/software-factory/web/.angular/cache/22.0.0/web/vite/deps/chunk-AJ7QU3YV.js?v=67b7a837:17738
[  434239ms] [WARNING] NG0955: The provided track expression resulted in duplicated keys for a given collection. Adjust the tracking expression such that it uniquely identifies all the items in the collection. Duplicated keys were: 
key "Ref" at index "2" and "3". Find more at https://v22.angular.dev/errors/NG0955 @ http://localhost:4300/@fs/Users/wongjunmun/development/ai-development/software-factory/web/.angular/cache/22.0.0/web/vite/deps/chunk-AJ7QU3YV.js?v=67b7a837:17738
[  434240ms] [WARNING] NG0955: The provided track expression resulted in duplicated keys for a given collection. Adjust the tracking expression such that it uniquely identifies all the items in the collection. Duplicated keys were: 
key "Ref" at index "2" and "3". Find more at https://v22.angular.dev/errors/NG0955 @ http://localhost:4300/@fs/Users/wongjunmun/development/ai-development/software-factory/web/.angular/cache/22.0.0/web/vite/deps/chunk-AJ7QU3YV.js?v=67b7a837:17738
[  434240ms] [WARNING] NG0955: The provided track expression resulted in duplicated keys for a given collection. Adjust the tracking expression such that it uniquely identifies all the items in the collection. Duplicated keys were: 
key "Ref" at index "2" and "3". Find more at https://v22.angular.dev/errors/NG0955 @ http://localhost:4300/@fs/Users/wongjunmun/development/ai-development/software-factory/web/.angular/cache/22.0.0/web/vite/deps/chunk-AJ7QU3YV.js?v=67b7a837:17738
[  434241ms] [WARNING] NG0955: The provided track expression resulted in duplicated keys for a given collection. Adjust the tracking expression such that it uniquely identifies all the items in the collection. Duplicated keys were: 
key "Ref" at index "2" and "3". Find more at https://v22.angular.dev/errors/NG0955 @ http://localhost:4300/@fs/Users/wongjunmun/development/ai-development/software-factory/web/.angular/cache/22.0.0/web/vite/deps/chunk-AJ7QU3YV.js?v=67b7a837:17738
[  434241ms] [WARNING] NG0955: The provided track expression resulted in duplicated keys for a given collection. Adjust the tracking expression such that it uniquely identifies all the items in the collection. Duplicated keys were: 
key "Ref" at index "2" and "3". Find more at https://v22.angular.dev/errors/NG0955 @ http://localhost:4300/@fs/Users/wongjunmun/development/ai-development/software-factory/web/.angular/cache/22.0.0/web/vite/deps/chunk-AJ7QU3YV.js?v=67b7a837:17738
[  434241ms] [WARNING] NG0955: The provided track expression resulted in duplicated keys for a given collection. Adjust the tracking expression such that it uniquely identifies all the items in the collection. Duplicated keys were: 
key "Ref" at index "2" and "3". Find more at https://v22.angular.dev/errors/NG0955 @ http://localhost:4300/@fs/Users/wongjunmun/development/ai-development/software-factory/web/.angular/cache/22.0.0/web/vite/deps/chunk-AJ7QU3YV.js?v=67b7a837:17738
[  434243ms] [WARNING] NG0955: The provided track expression resulted in duplicated keys for a given collection. Adjust the tracking expression such that it uniquely identifies all the items in the collection. Duplicated keys were: 
key "Ref" at index "2" and "3". Find more at https://v22.angular.dev/errors/NG0955 @ http://localhost:4300/@fs/Users/wongjunmun/development/ai-development/software-factory/web/.angular/cache/22.0.0/web/vite/deps/chunk-AJ7QU3YV.js?v=67b7a837:17738
[  434243ms] [WARNING] NG0955: The provided track expression resulted in duplicated keys for a given collection. Adjust the tracking expression such that it uniquely identifies all the items in the collection. Duplicated keys were: 
key "Ref" at index "2" and "3". Find more at https://v22.angular.dev/errors/NG0955 @ http://localhost:4300/@fs/Users/wongjunmun/development/ai-development/software-factory/web/.angular/cache/22.0.0/web/vite/deps/chunk-AJ7QU3YV.js?v=67b7a837:17738
[  434243ms] [WARNING] NG0955: The provided track expression resulted in duplicated keys for a given collection. Adjust the tracking expression such that it uniquely identifies all the items in the collection. Duplicated keys were: 
key "Ref" at index "2" and "3". Find more at https://v22.angular.dev/errors/NG0955 @ http://localhost:4300/@fs/Users/wongjunmun/development/ai-development/software-factory/web/.angular/cache/22.0.0/web/vite/deps/chunk-AJ7QU3YV.js?v=67b7a837:17738
[  434244ms] [WARNING] NG0955: The provided track expression resulted in duplicated keys for a given collection. Adjust the tracking expression such that it uniquely identifies all the items in the collection. Duplicated keys were: 
key "Ref" at index "2" and "3". Find more at https://v22.angular.dev/errors/NG0955 @ http://localhost:4300/@fs/Users/wongjunmun/development/ai-development/software-factory/web/.angular/cache/22.0.0/web/vite/deps/chunk-AJ7QU3YV.js?v=67b7a837:17738
[  434244ms] [WARNING] NG0955: The provided track expression resulted in duplicated keys for a given collection. Adjust the tracking expression such that it uniquely identifies all the items in the collection. Duplicated keys were: 
key "Ref" at index "2" and "3". Find more at https://v22.angular.dev/errors/NG0955 @ http://localhost:4300/@fs/Users/wongjunmun/development/ai-development/software-factory/web/.angular/cache/22.0.0/web/vite/deps/chunk-AJ7QU3YV.js?v=67b7a837:17738
[  434244ms] [WARNING] NG0955: The provided track expression resulted in duplicated keys for a given collection. Adjust the tracking expression such that it uniquely identifies all the items in the collection. Duplicated keys were: 
key "Ref" at index "2" and "3". Find more at https://v22.angular.dev/errors/NG0955 @ http://localhost:4300/@fs/Users/wongjunmun/development/ai-development/software-factory/web/.angular/cache/22.0.0/web/vite/deps/chunk-AJ7QU3YV.js?v=67b7a837:17738
[  434247ms] [WARNING] NG0955: The provided track expression resulted in duplicated keys for a given collection. Adjust the tracking expression such that it uniquely identifies all the items in the collection. Duplicated keys were: 
key "Ref" at index "2" and "3". Find more at https://v22.angular.dev/errors/NG0955 @ http://localhost:4300/@fs/Users/wongjunmun/development/ai-development/software-factory/web/.angular/cache/22.0.0/web/vite/deps/chunk-AJ7QU3YV.js?v=67b7a837:17738
[  434247ms] [WARNING] NG0955: The provided track expression resulted in duplicated keys for a given collection. Adjust the tracking expression such that it uniquely identifies all the items in the collection. Duplicated keys were: 
key "Ref" at index "2" and "3". Find more at https://v22.angular.dev/errors/NG0955 @ http://localhost:4300/@fs/Users/wongjunmun/development/ai-development/software-factory/web/.angular/cache/22.0.0/web/vite/deps/chunk-AJ7QU3YV.js?v=67b7a837:17738
[  434247ms] [WARNING] NG0955: The provided track expression resulted in duplicated keys for a given collection. Adjust the tracking expression such that it uniquely identifies all the items in the collection. Duplicated keys were: 
key "Ref" at index "2" and "3". Find more at https://v22.angular.dev/errors/NG0955 @ http://localhost:4300/@fs/Users/wongjunmun/development/ai-development/software-factory/web/.angular/cache/22.0.0/web/vite/deps/chunk-AJ7QU3YV.js?v=67b7a837:17738
[  436978ms] [LOG] Angular is running in development mode. @ http://localhost:4300/@fs/Users/wongjunmun/development/ai-development/software-factory/web/.angular/cache/22.0.0/web/vite/deps/chunk-AJ7QU3YV.js?v=67b7a837:14866
[  437017ms] [WARNING] NG0955: The provided track expression resulted in duplicated keys for a given collection. Adjust the tracking expression such that it uniquely identifies all the items in the collection. Duplicated keys were: 
key "Ref" at index "2" and "3". Find more at https://v22.angular.dev/errors/NG0955 @ http://localhost:4300/@fs/Users/wongjunmun/development/ai-development/software-factory/web/.angular/cache/22.0.0/web/vite/deps/chunk-AJ7QU3YV.js?v=67b7a837:17738
[  437017ms] [WARNING] NG0955: The provided track expression resulted in duplicated keys for a given collection. Adjust the tracking expression such that it uniquely identifies all the items in the collection. Duplicated keys were: 
key "Ref" at index "2" and "3". Find more at https://v22.angular.dev/errors/NG0955 @ http://localhost:4300/@fs/Users/wongjunmun/development/ai-development/software-factory/web/.angular/cache/22.0.0/web/vite/deps/chunk-AJ7QU3YV.js?v=67b7a837:17738
[  437017ms] [WARNING] NG0955: The provided track expression resulted in duplicated keys for a given collection. Adjust the tracking expression such that it uniquely identifies all the items in the collection. Duplicated keys were: 
key "Ref" at index "2" and "3". Find more at https://v22.angular.dev/errors/NG0955 @ http://localhost:4300/@fs/Users/wongjunmun/development/ai-development/software-factory/web/.angular/cache/22.0.0/web/vite/deps/chunk-AJ7QU3YV.js?v=67b7a837:17738
[  437026ms] [WARNING] NG0955: The provided track expression resulted in duplicated keys for a given collection. Adjust the tracking expression such that it uniquely identifies all the items in the collection. Duplicated keys were: 
key "Ref" at index "2" and "3". Find more at https://v22.angular.dev/errors/NG0955 @ http://localhost:4300/@fs/Users/wongjunmun/development/ai-development/software-factory/web/.angular/cache/22.0.0/web/vite/deps/chunk-AJ7QU3YV.js?v=67b7a837:17738
[  437026ms] [WARNING] NG0955: The provided track expression resulted in duplicated keys for a given collection. Adjust the tracking expression such that it uniquely identifies all the items in the collection. Duplicated keys were: 
key "Ref" at index "2" and "3". Find more at https://v22.angular.dev/errors/NG0955 @ http://localhost:4300/@fs/Users/wongjunmun/development/ai-development/software-factory/web/.angular/cache/22.0.0/web/vite/deps/chunk-AJ7QU3YV.js?v=67b7a837:17738
[  437026ms] [WARNING] NG0955: The provided track expression resulted in duplicated keys for a given collection. Adjust the tracking expression such that it uniquely identifies all the items in the collection. Duplicated keys were: 
key "Ref" at index "2" and "3". Find more at https://v22.angular.dev/errors/NG0955 @ http://localhost:4300/@fs/Users/wongjunmun/development/ai-development/software-factory/web/.angular/cache/22.0.0/web/vite/deps/chunk-AJ7QU3YV.js?v=67b7a837:17738
[  437029ms] [WARNING] NG0955: The provided track expression resulted in duplicated keys for a given collection. Adjust the tracking expression such that it uniquely identifies all the items in the collection. Duplicated keys were: 
key "Ref" at index "2" and "3". Find more at https://v22.angular.dev/errors/NG0955 @ http://localhost:4300/@fs/Users/wongjunmun/development/ai-development/software-factory/web/.angular/cache/22.0.0/web/vite/deps/chunk-AJ7QU3YV.js?v=67b7a837:17738
[  437029ms] [WARNING] NG0955: The provided track expression resulted in duplicated keys for a given collection. Adjust the tracking expression such that it uniquely identifies all the items in the collection. Duplicated keys were: 
key "Ref" at index "2" and "3". Find more at https://v22.angular.dev/errors/NG0955 @ http://localhost:4300/@fs/Users/wongjunmun/development/ai-development/software-factory/web/.angular/cache/22.0.0/web/vite/deps/chunk-AJ7QU3YV.js?v=67b7a837:17738
[  437029ms] [WARNING] NG0955: The provided track expression resulted in duplicated keys for a given collection. Adjust the tracking expression such that it uniquely identifies all the items in the collection. Duplicated keys were: 
key "Ref" at index "2" and "3". Find more at https://v22.angular.dev/errors/NG0955 @ http://localhost:4300/@fs/Users/wongjunmun/development/ai-development/software-factory/web/.angular/cache/22.0.0/web/vite/deps/chunk-AJ7QU3YV.js?v=67b7a837:17738
[  437030ms] [WARNING] NG0955: The provided track expression resulted in duplicated keys for a given collection. Adjust the tracking expression such that it uniquely identifies all the items in the collection. Duplicated keys were: 
key "Ref" at index "2" and "3". Find more at https://v22.angular.dev/errors/NG0955 @ http://localhost:4300/@fs/Users/wongjunmun/development/ai-development/software-factory/web/.angular/cache/22.0.0/web/vite/deps/chunk-AJ7QU3YV.js?v=67b7a837:17738
[  437030ms] [WARNING] NG0955: The provided track expression resulted in duplicated keys for a given collection. Adjust the tracking expression such that it uniquely identifies all the items in the collection. Duplicated keys were: 
key "Ref" at index "2" and "3". Find more at https://v22.angular.dev/errors/NG0955 @ http://localhost:4300/@fs/Users/wongjunmun/development/ai-development/software-factory/web/.angular/cache/22.0.0/web/vite/deps/chunk-AJ7QU3YV.js?v=67b7a837:17738
[  437030ms] [WARNING] NG0955: The provided track expression resulted in duplicated keys for a given collection. Adjust the tracking expression such that it uniquely identifies all the items in the collection. Duplicated keys were: 
key "Ref" at index "2" and "3". Find more at https://v22.angular.dev/errors/NG0955 @ http://localhost:4300/@fs/Users/wongjunmun/development/ai-development/software-factory/web/.angular/cache/22.0.0/web/vite/deps/chunk-AJ7QU3YV.js?v=67b7a837:17738
[  437032ms] [WARNING] NG0955: The provided track expression resulted in duplicated keys for a given collection. Adjust the tracking expression such that it uniquely identifies all the items in the collection. Duplicated keys were: 
key "Ref" at index "2" and "3". Find more at https://v22.angular.dev/errors/NG0955 @ http://localhost:4300/@fs/Users/wongjunmun/development/ai-development/software-factory/web/.angular/cache/22.0.0/web/vite/deps/chunk-AJ7QU3YV.js?v=67b7a837:17738
[  437032ms] [WARNING] NG0955: The provided track expression resulted in duplicated keys for a given collection. Adjust the tracking expression such that it uniquely identifies all the items in the collection. Duplicated keys were: 
key "Ref" at index "2" and "3". Find more at https://v22.angular.dev/errors/NG0955 @ http://localhost:4300/@fs/Users/wongjunmun/development/ai-development/software-factory/web/.angular/cache/22.0.0/web/vite/deps/chunk-AJ7QU3YV.js?v=67b7a837:17738
[  437032ms] [WARNING] NG0955: The provided track expression resulted in duplicated keys for a given collection. Adjust the tracking expression such that it uniquely identifies all the items in the collection. Duplicated keys were: 
key "Ref" at index "2" and "3". Find more at https://v22.angular.dev/errors/NG0955 @ http://localhost:4300/@fs/Users/wongjunmun/development/ai-development/software-factory/web/.angular/cache/22.0.0/web/vite/deps/chunk-AJ7QU3YV.js?v=67b7a837:17738
[  437034ms] [WARNING] NG0955: The provided track expression resulted in duplicated keys for a given collection. Adjust the tracking expression such that it uniquely identifies all the items in the collection. Duplicated keys were: 
key "Ref" at index "2" and "3". Find more at https://v22.angular.dev/errors/NG0955 @ http://localhost:4300/@fs/Users/wongjunmun/development/ai-development/software-factory/web/.angular/cache/22.0.0/web/vite/deps/chunk-AJ7QU3YV.js?v=67b7a837:17738
[  437034ms] [WARNING] NG0955: The provided track expression resulted in duplicated keys for a given collection. Adjust the tracking expression such that it uniquely identifies all the items in the collection. Duplicated keys were: 
key "Ref" at index "2" and "3". Find more at https://v22.angular.dev/errors/NG0955 @ http://localhost:4300/@fs/Users/wongjunmun/development/ai-development/software-factory/web/.angular/cache/22.0.0/web/vite/deps/chunk-AJ7QU3YV.js?v=67b7a837:17738
[  437034ms] [WARNING] NG0955: The provided track expression resulted in duplicated keys for a given collection. Adjust the tracking expression such that it uniquely identifies all the items in the collection. Duplicated keys were: 
key "Ref" at index "2" and "3". Find more at https://v22.angular.dev/errors/NG0955 @ http://localhost:4300/@fs/Users/wongjunmun/development/ai-development/software-factory/web/.angular/cache/22.0.0/web/vite/deps/chunk-AJ7QU3YV.js?v=67b7a837:17738
[  437036ms] [WARNING] NG0955: The provided track expression resulted in duplicated keys for a given collection. Adjust the tracking expression such that it uniquely identifies all the items in the collection. Duplicated keys were: 
key "Ref" at index "2" and "3". Find more at https://v22.angular.dev/errors/NG0955 @ http://localhost:4300/@fs/Users/wongjunmun/development/ai-development/software-factory/web/.angular/cache/22.0.0/web/vite/deps/chunk-AJ7QU3YV.js?v=67b7a837:17738
[  437036ms] [WARNING] NG0955: The provided track expression resulted in duplicated keys for a given collection. Adjust the tracking expression such that it uniquely identifies all the items in the collection. Duplicated keys were: 
key "Ref" at index "2" and "3". Find more at https://v22.angular.dev/errors/NG0955 @ http://localhost:4300/@fs/Users/wongjunmun/development/ai-development/software-factory/web/.angular/cache/22.0.0/web/vite/deps/chunk-AJ7QU3YV.js?v=67b7a837:17738
[  437036ms] [WARNING] NG0955: The provided track expression resulted in duplicated keys for a given collection. Adjust the tracking expression such that it uniquely identifies all the items in the collection. Duplicated keys were: 
key "Ref" at index "2" and "3". Find more at https://v22.angular.dev/errors/NG0955 @ http://localhost:4300/@fs/Users/wongjunmun/development/ai-development/software-factory/web/.angular/cache/22.0.0/web/vite/deps/chunk-AJ7QU3YV.js?v=67b7a837:17738
[  437036ms] [WARNING] NG0955: The provided track expression resulted in duplicated keys for a given collection. Adjust the tracking expression such that it uniquely identifies all the items in the collection. Duplicated keys were: 
key "Ref" at index "2" and "3". Find more at https://v22.angular.dev/errors/NG0955 @ http://localhost:4300/@fs/Users/wongjunmun/development/ai-development/software-factory/web/.angular/cache/22.0.0/web/vite/deps/chunk-AJ7QU3YV.js?v=67b7a837:17738
[  437036ms] [WARNING] NG0955: The provided track expression resulted in duplicated keys for a given collection. Adjust the tracking expression such that it uniquely identifies all the items in the collection. Duplicated keys were: 
key "Ref" at index "2" and "3". Find more at https://v22.angular.dev/errors/NG0955 @ http://localhost:4300/@fs/Users/wongjunmun/development/ai-development/software-factory/web/.angular/cache/22.0.0/web/vite/deps/chunk-AJ7QU3YV.js?v=67b7a837:17738
[  437036ms] [WARNING] NG0955: The provided track expression resulted in duplicated keys for a given collection. Adjust the tracking expression such that it uniquely identifies all the items in the collection. Duplicated keys were: 
key "Ref" at index "2" and "3". Find more at https://v22.angular.dev/errors/NG0955 @ http://localhost:4300/@fs/Users/wongjunmun/development/ai-development/software-factory/web/.angular/cache/22.0.0/web/vite/deps/chunk-AJ7QU3YV.js?v=67b7a837:17738
[  437039ms] [WARNING] NG0955: The provided track expression resulted in duplicated keys for a given collection. Adjust the tracking expression such that it uniquely identifies all the items in the collection. Duplicated keys were: 
key "Ref" at index "2" and "3". Find more at https://v22.angular.dev/errors/NG0955 @ http://localhost:4300/@fs/Users/wongjunmun/development/ai-development/software-factory/web/.angular/cache/22.0.0/web/vite/deps/chunk-AJ7QU3YV.js?v=67b7a837:17738
[  437039ms] [WARNING] NG0955: The provided track expression resulted in duplicated keys for a given collection. Adjust the tracking expression such that it uniquely identifies all the items in the collection. Duplicated keys were: 
key "Ref" at index "2" and "3". Find more at https://v22.angular.dev/errors/NG0955 @ http://localhost:4300/@fs/Users/wongjunmun/development/ai-development/software-factory/web/.angular/cache/22.0.0/web/vite/deps/chunk-AJ7QU3YV.js?v=67b7a837:17738
[  437039ms] [WARNING] NG0955: The provided track expression resulted in duplicated keys for a given collection. Adjust the tracking expression such that it uniquely identifies all the items in the collection. Duplicated keys were: 
key "Ref" at index "2" and "3". Find more at https://v22.angular.dev/errors/NG0955 @ http://localhost:4300/@fs/Users/wongjunmun/development/ai-development/software-factory/web/.angular/cache/22.0.0/web/vite/deps/chunk-AJ7QU3YV.js?v=67b7a837:17738
[  437041ms] [WARNING] NG0955: The provided track expression resulted in duplicated keys for a given collection. Adjust the tracking expression such that it uniquely identifies all the items in the collection. Duplicated keys were: 
key "Ref" at index "2" and "3". Find more at https://v22.angular.dev/errors/NG0955 @ http://localhost:4300/@fs/Users/wongjunmun/development/ai-development/software-factory/web/.angular/cache/22.0.0/web/vite/deps/chunk-AJ7QU3YV.js?v=67b7a837:17738
[  437041ms] [WARNING] NG0955: The provided track expression resulted in duplicated keys for a given collection. Adjust the tracking expression such that it uniquely identifies all the items in the collection. Duplicated keys were: 
key "Ref" at index "2" and "3". Find more at https://v22.angular.dev/errors/NG0955 @ http://localhost:4300/@fs/Users/wongjunmun/development/ai-development/software-factory/web/.angular/cache/22.0.0/web/vite/deps/chunk-AJ7QU3YV.js?v=67b7a837:17738
[  437041ms] [WARNING] NG0955: The provided track expression resulted in duplicated keys for a given collection. Adjust the tracking expression such that it uniquely identifies all the items in the collection. Duplicated keys were: 
key "Ref" at index "2" and "3". Find more at https://v22.angular.dev/errors/NG0955 @ http://localhost:4300/@fs/Users/wongjunmun/development/ai-development/software-factory/web/.angular/cache/22.0.0/web/vite/deps/chunk-AJ7QU3YV.js?v=67b7a837:17738
[  437042ms] [WARNING] NG0955: The provided track expression resulted in duplicated keys for a given collection. Adjust the tracking expression such that it uniquely identifies all the items in the collection. Duplicated keys were: 
key "Ref" at index "2" and "3". Find more at https://v22.angular.dev/errors/NG0955 @ http://localhost:4300/@fs/Users/wongjunmun/development/ai-development/software-factory/web/.angular/cache/22.0.0/web/vite/deps/chunk-AJ7QU3YV.js?v=67b7a837:17738
[  437042ms] [WARNING] NG0955: The provided track expression resulted in duplicated keys for a given collection. Adjust the tracking expression such that it uniquely identifies all the items in the collection. Duplicated keys were: 
key "Ref" at index "2" and "3". Find more at https://v22.angular.dev/errors/NG0955 @ http://localhost:4300/@fs/Users/wongjunmun/development/ai-development/software-factory/web/.angular/cache/22.0.0/web/vite/deps/chunk-AJ7QU3YV.js?v=67b7a837:17738
[  437042ms] [WARNING] NG0955: The provided track expression resulted in duplicated keys for a given collection. Adjust the tracking expression such that it uniquely identifies all the items in the collection. Duplicated keys were: 
key "Ref" at index "2" and "3". Find more at https://v22.angular.dev/errors/NG0955 @ http://localhost:4300/@fs/Users/wongjunmun/development/ai-development/software-factory/web/.angular/cache/22.0.0/web/vite/deps/chunk-AJ7QU3YV.js?v=67b7a837:17738
[  437043ms] [WARNING] NG0955: The provided track expression resulted in duplicated keys for a given collection. Adjust the tracking expression such that it uniquely identifies all the items in the collection. Duplicated keys were: 
key "Ref" at index "2" and "3". Find more at https://v22.angular.dev/errors/NG0955 @ http://localhost:4300/@fs/Users/wongjunmun/development/ai-development/software-factory/web/.angular/cache/22.0.0/web/vite/deps/chunk-AJ7QU3YV.js?v=67b7a837:17738
[  437043ms] [WARNING] NG0955: The provided track expression resulted in duplicated keys for a given collection. Adjust the tracking expression such that it uniquely identifies all the items in the collection. Duplicated keys were: 
key "Ref" at index "2" and "3". Find more at https://v22.angular.dev/errors/NG0955 @ http://localhost:4300/@fs/Users/wongjunmun/development/ai-development/software-factory/web/.angular/cache/22.0.0/web/vite/deps/chunk-AJ7QU3YV.js?v=67b7a837:17738
[  437043ms] [WARNING] NG0955: The provided track expression resulted in duplicated keys for a given collection. Adjust the tracking expression such that it uniquely identifies all the items in the collection. Duplicated keys were: 
key "Ref" at index "2" and "3". Find more at https://v22.angular.dev/errors/NG0955 @ http://localhost:4300/@fs/Users/wongjunmun/development/ai-development/software-factory/web/.angular/cache/22.0.0/web/vite/deps/chunk-AJ7QU3YV.js?v=67b7a837:17738
[  437046ms] [WARNING] NG0955: The provided track expression resulted in duplicated keys for a given collection. Adjust the tracking expression such that it uniquely identifies all the items in the collection. Duplicated keys were: 
key "Ref" at index "2" and "3". Find more at https://v22.angular.dev/errors/NG0955 @ http://localhost:4300/@fs/Users/wongjunmun/development/ai-development/software-factory/web/.angular/cache/22.0.0/web/vite/deps/chunk-AJ7QU3YV.js?v=67b7a837:17738
[  437046ms] [WARNING] NG0955: The provided track expression resulted in duplicated keys for a given collection. Adjust the tracking expression such that it uniquely identifies all the items in the collection. Duplicated keys were: 
key "Ref" at index "2" and "3". Find more at https://v22.angular.dev/errors/NG0955 @ http://localhost:4300/@fs/Users/wongjunmun/development/ai-development/software-factory/web/.angular/cache/22.0.0/web/vite/deps/chunk-AJ7QU3YV.js?v=67b7a837:17738
[  437046ms] [WARNING] NG0955: The provided track expression resulted in duplicated keys for a given collection. Adjust the tracking expression such that it uniquely identifies all the items in the collection. Duplicated keys were: 
key "Ref" at index "2" and "3". Find more at https://v22.angular.dev/errors/NG0955 @ http://localhost:4300/@fs/Users/wongjunmun/development/ai-development/software-factory/web/.angular/cache/22.0.0/web/vite/deps/chunk-AJ7QU3YV.js?v=67b7a837:17738
[  437048ms] [WARNING] NG0955: The provided track expression resulted in duplicated keys for a given collection. Adjust the tracking expression such that it uniquely identifies all the items in the collection. Duplicated keys were: 
key "Ref" at index "2" and "3". Find more at https://v22.angular.dev/errors/NG0955 @ http://localhost:4300/@fs/Users/wongjunmun/development/ai-development/software-factory/web/.angular/cache/22.0.0/web/vite/deps/chunk-AJ7QU3YV.js?v=67b7a837:17738
[  437048ms] [WARNING] NG0955: The provided track expression resulted in duplicated keys for a given collection. Adjust the tracking expression such that it uniquely identifies all the items in the collection. Duplicated keys were: 
key "Ref" at index "2" and "3". Find more at https://v22.angular.dev/errors/NG0955 @ http://localhost:4300/@fs/Users/wongjunmun/development/ai-development/software-factory/web/.angular/cache/22.0.0/web/vite/deps/chunk-AJ7QU3YV.js?v=67b7a837:17738
[  437048ms] [WARNING] NG0955: The provided track expression resulted in duplicated keys for a given collection. Adjust the tracking expression such that it uniquely identifies all the items in the collection. Duplicated keys were: 
key "Ref" at index "2" and "3". Find more at https://v22.angular.dev/errors/NG0955 @ http://localhost:4300/@fs/Users/wongjunmun/development/ai-development/software-factory/web/.angular/cache/22.0.0/web/vite/deps/chunk-AJ7QU3YV.js?v=67b7a837:17738
[  440245ms] [LOG] Angular is running in development mode. @ http://localhost:4300/@fs/Users/wongjunmun/development/ai-development/software-factory/web/.angular/cache/22.0.0/web/vite/deps/chunk-AJ7QU3YV.js?v=67b7a837:14866
[  440280ms] [WARNING] NG0955: The provided track expression resulted in duplicated keys for a given collection. Adjust the tracking expression such that it uniquely identifies all the items in the collection. Duplicated keys were: 
key "Ref" at index "2" and "3". Find more at https://v22.angular.dev/errors/NG0955 @ http://localhost:4300/@fs/Users/wongjunmun/development/ai-development/software-factory/web/.angular/cache/22.0.0/web/vite/deps/chunk-AJ7QU3YV.js?v=67b7a837:17738
[  440280ms] [WARNING] NG0955: The provided track expression resulted in duplicated keys for a given collection. Adjust the tracking expression such that it uniquely identifies all the items in the collection. Duplicated keys were: 
key "Ref" at index "2" and "3". Find more at https://v22.angular.dev/errors/NG0955 @ http://localhost:4300/@fs/Users/wongjunmun/development/ai-development/software-factory/web/.angular/cache/22.0.0/web/vite/deps/chunk-AJ7QU3YV.js?v=67b7a837:17738
[  440280ms] [WARNING] NG0955: The provided track expression resulted in duplicated keys for a given collection. Adjust the tracking expression such that it uniquely identifies all the items in the collection. Duplicated keys were: 
key "Ref" at index "2" and "3". Find more at https://v22.angular.dev/errors/NG0955 @ http://localhost:4300/@fs/Users/wongjunmun/development/ai-development/software-factory/web/.angular/cache/22.0.0/web/vite/deps/chunk-AJ7QU3YV.js?v=67b7a837:17738
[  440283ms] [WARNING] NG0955: The provided track expression resulted in duplicated keys for a given collection. Adjust the tracking expression such that it uniquely identifies all the items in the collection. Duplicated keys were: 
key "Ref" at index "2" and "3". Find more at https://v22.angular.dev/errors/NG0955 @ http://localhost:4300/@fs/Users/wongjunmun/development/ai-development/software-factory/web/.angular/cache/22.0.0/web/vite/deps/chunk-AJ7QU3YV.js?v=67b7a837:17738
[  440284ms] [WARNING] NG0955: The provided track expression resulted in duplicated keys for a given collection. Adjust the tracking expression such that it uniquely identifies all the items in the collection. Duplicated keys were: 
key "Ref" at index "2" and "3". Find more at https://v22.angular.dev/errors/NG0955 @ http://localhost:4300/@fs/Users/wongjunmun/development/ai-development/software-factory/web/.angular/cache/22.0.0/web/vite/deps/chunk-AJ7QU3YV.js?v=67b7a837:17738
[  440284ms] [WARNING] NG0955: The provided track expression resulted in duplicated keys for a given collection. Adjust the tracking expression such that it uniquely identifies all the items in the collection. Duplicated keys were: 
key "Ref" at index "2" and "3". Find more at https://v22.angular.dev/errors/NG0955 @ http://localhost:4300/@fs/Users/wongjunmun/development/ai-development/software-factory/web/.angular/cache/22.0.0/web/vite/deps/chunk-AJ7QU3YV.js?v=67b7a837:17738
[  440286ms] [WARNING] NG0955: The provided track expression resulted in duplicated keys for a given collection. Adjust the tracking expression such that it uniquely identifies all the items in the collection. Duplicated keys were: 
key "Ref" at index "2" and "3". Find more at https://v22.angular.dev/errors/NG0955 @ http://localhost:4300/@fs/Users/wongjunmun/development/ai-development/software-factory/web/.angular/cache/22.0.0/web/vite/deps/chunk-AJ7QU3YV.js?v=67b7a837:17738
[  440286ms] [WARNING] NG0955: The provided track expression resulted in duplicated keys for a given collection. Adjust the tracking expression such that it uniquely identifies all the items in the collection. Duplicated keys were: 
key "Ref" at index "2" and "3". Find more at https://v22.angular.dev/errors/NG0955 @ http://localhost:4300/@fs/Users/wongjunmun/development/ai-development/software-factory/web/.angular/cache/22.0.0/web/vite/deps/chunk-AJ7QU3YV.js?v=67b7a837:17738
[  440286ms] [WARNING] NG0955: The provided track expression resulted in duplicated keys for a given collection. Adjust the tracking expression such that it uniquely identifies all the items in the collection. Duplicated keys were: 
key "Ref" at index "2" and "3". Find more at https://v22.angular.dev/errors/NG0955 @ http://localhost:4300/@fs/Users/wongjunmun/development/ai-development/software-factory/web/.angular/cache/22.0.0/web/vite/deps/chunk-AJ7QU3YV.js?v=67b7a837:17738
[  440287ms] [WARNING] NG0955: The provided track expression resulted in duplicated keys for a given collection. Adjust the tracking expression such that it uniquely identifies all the items in the collection. Duplicated keys were: 
key "Ref" at index "2" and "3". Find more at https://v22.angular.dev/errors/NG0955 @ http://localhost:4300/@fs/Users/wongjunmun/development/ai-development/software-factory/web/.angular/cache/22.0.0/web/vite/deps/chunk-AJ7QU3YV.js?v=67b7a837:17738
[  440287ms] [WARNING] NG0955: The provided track expression resulted in duplicated keys for a given collection. Adjust the tracking expression such that it uniquely identifies all the items in the collection. Duplicated keys were: 
key "Ref" at index "2" and "3". Find more at https://v22.angular.dev/errors/NG0955 @ http://localhost:4300/@fs/Users/wongjunmun/development/ai-development/software-factory/web/.angular/cache/22.0.0/web/vite/deps/chunk-AJ7QU3YV.js?v=67b7a837:17738
[  440287ms] [WARNING] NG0955: The provided track expression resulted in duplicated keys for a given collection. Adjust the tracking expression such that it uniquely identifies all the items in the collection. Duplicated keys were: 
key "Ref" at index "2" and "3". Find more at https://v22.angular.dev/errors/NG0955 @ http://localhost:4300/@fs/Users/wongjunmun/development/ai-development/software-factory/web/.angular/cache/22.0.0/web/vite/deps/chunk-AJ7QU3YV.js?v=67b7a837:17738
[  440294ms] [WARNING] NG0955: The provided track expression resulted in duplicated keys for a given collection. Adjust the tracking expression such that it uniquely identifies all the items in the collection. Duplicated keys were: 
key "Ref" at index "2" and "3". Find more at https://v22.angular.dev/errors/NG0955 @ http://localhost:4300/@fs/Users/wongjunmun/development/ai-development/software-factory/web/.angular/cache/22.0.0/web/vite/deps/chunk-AJ7QU3YV.js?v=67b7a837:17738
[  440294ms] [WARNING] NG0955: The provided track expression resulted in duplicated keys for a given collection. Adjust the tracking expression such that it uniquely identifies all the items in the collection. Duplicated keys were: 
key "Ref" at index "2" and "3". Find more at https://v22.angular.dev/errors/NG0955 @ http://localhost:4300/@fs/Users/wongjunmun/development/ai-development/software-factory/web/.angular/cache/22.0.0/web/vite/deps/chunk-AJ7QU3YV.js?v=67b7a837:17738
[  440294ms] [WARNING] NG0955: The provided track expression resulted in duplicated keys for a given collection. Adjust the tracking expression such that it uniquely identifies all the items in the collection. Duplicated keys were: 
key "Ref" at index "2" and "3". Find more at https://v22.angular.dev/errors/NG0955 @ http://localhost:4300/@fs/Users/wongjunmun/development/ai-development/software-factory/web/.angular/cache/22.0.0/web/vite/deps/chunk-AJ7QU3YV.js?v=67b7a837:17738
[  440295ms] [WARNING] NG0955: The provided track expression resulted in duplicated keys for a given collection. Adjust the tracking expression such that it uniquely identifies all the items in the collection. Duplicated keys were: 
key "Ref" at index "2" and "3". Find more at https://v22.angular.dev/errors/NG0955 @ http://localhost:4300/@fs/Users/wongjunmun/development/ai-development/software-factory/web/.angular/cache/22.0.0/web/vite/deps/chunk-AJ7QU3YV.js?v=67b7a837:17738
[  440295ms] [WARNING] NG0955: The provided track expression resulted in duplicated keys for a given collection. Adjust the tracking expression such that it uniquely identifies all the items in the collection. Duplicated keys were: 
key "Ref" at index "2" and "3". Find more at https://v22.angular.dev/errors/NG0955 @ http://localhost:4300/@fs/Users/wongjunmun/development/ai-development/software-factory/web/.angular/cache/22.0.0/web/vite/deps/chunk-AJ7QU3YV.js?v=67b7a837:17738
[  440295ms] [WARNING] NG0955: The provided track expression resulted in duplicated keys for a given collection. Adjust the tracking expression such that it uniquely identifies all the items in the collection. Duplicated keys were: 
key "Ref" at index "2" and "3". Find more at https://v22.angular.dev/errors/NG0955 @ http://localhost:4300/@fs/Users/wongjunmun/development/ai-development/software-factory/web/.angular/cache/22.0.0/web/vite/deps/chunk-AJ7QU3YV.js?v=67b7a837:17738
[  440301ms] [WARNING] NG0955: The provided track expression resulted in duplicated keys for a given collection. Adjust the tracking expression such that it uniquely identifies all the items in the collection. Duplicated keys were: 
key "Ref" at index "2" and "3". Find more at https://v22.angular.dev/errors/NG0955 @ http://localhost:4300/@fs/Users/wongjunmun/development/ai-development/software-factory/web/.angular/cache/22.0.0/web/vite/deps/chunk-AJ7QU3YV.js?v=67b7a837:17738
[  440301ms] [WARNING] NG0955: The provided track expression resulted in duplicated keys for a given collection. Adjust the tracking expression such that it uniquely identifies all the items in the collection. Duplicated keys were: 
key "Ref" at index "2" and "3". Find more at https://v22.angular.dev/errors/NG0955 @ http://localhost:4300/@fs/Users/wongjunmun/development/ai-development/software-factory/web/.angular/cache/22.0.0/web/vite/deps/chunk-AJ7QU3YV.js?v=67b7a837:17738
[  440302ms] [WARNING] NG0955: The provided track expression resulted in duplicated keys for a given collection. Adjust the tracking expression such that it uniquely identifies all the items in the collection. Duplicated keys were: 
key "Ref" at index "2" and "3". Find more at https://v22.angular.dev/errors/NG0955 @ http://localhost:4300/@fs/Users/wongjunmun/development/ai-development/software-factory/web/.angular/cache/22.0.0/web/vite/deps/chunk-AJ7QU3YV.js?v=67b7a837:17738
[  440303ms] [WARNING] NG0955: The provided track expression resulted in duplicated keys for a given collection. Adjust the tracking expression such that it uniquely identifies all the items in the collection. Duplicated keys were: 
key "Ref" at index "2" and "3". Find more at https://v22.angular.dev/errors/NG0955 @ http://localhost:4300/@fs/Users/wongjunmun/development/ai-development/software-factory/web/.angular/cache/22.0.0/web/vite/deps/chunk-AJ7QU3YV.js?v=67b7a837:17738
[  440303ms] [WARNING] NG0955: The provided track expression resulted in duplicated keys for a given collection. Adjust the tracking expression such that it uniquely identifies all the items in the collection. Duplicated keys were: 
key "Ref" at index "2" and "3". Find more at https://v22.angular.dev/errors/NG0955 @ http://localhost:4300/@fs/Users/wongjunmun/development/ai-development/software-factory/web/.angular/cache/22.0.0/web/vite/deps/chunk-AJ7QU3YV.js?v=67b7a837:17738
[  440303ms] [WARNING] NG0955: The provided track expression resulted in duplicated keys for a given collection. Adjust the tracking expression such that it uniquely identifies all the items in the collection. Duplicated keys were: 
key "Ref" at index "2" and "3". Find more at https://v22.angular.dev/errors/NG0955 @ http://localhost:4300/@fs/Users/wongjunmun/development/ai-development/software-factory/web/.angular/cache/22.0.0/web/vite/deps/chunk-AJ7QU3YV.js?v=67b7a837:17738
[  440307ms] [WARNING] NG0955: The provided track expression resulted in duplicated keys for a given collection. Adjust the tracking expression such that it uniquely identifies all the items in the collection. Duplicated keys were: 
key "Ref" at index "2" and "3". Find more at https://v22.angular.dev/errors/NG0955 @ http://localhost:4300/@fs/Users/wongjunmun/development/ai-development/software-factory/web/.angular/cache/22.0.0/web/vite/deps/chunk-AJ7QU3YV.js?v=67b7a837:17738
[  440307ms] [WARNING] NG0955: The provided track expression resulted in duplicated keys for a given collection. Adjust the tracking expression such that it uniquely identifies all the items in the collection. Duplicated keys were: 
key "Ref" at index "2" and "3". Find more at https://v22.angular.dev/errors/NG0955 @ http://localhost:4300/@fs/Users/wongjunmun/development/ai-development/software-factory/web/.angular/cache/22.0.0/web/vite/deps/chunk-AJ7QU3YV.js?v=67b7a837:17738
[  440307ms] [WARNING] NG0955: The provided track expression resulted in duplicated keys for a given collection. Adjust the tracking expression such that it uniquely identifies all the items in the collection. Duplicated keys were: 
key "Ref" at index "2" and "3". Find more at https://v22.angular.dev/errors/NG0955 @ http://localhost:4300/@fs/Users/wongjunmun/development/ai-development/software-factory/web/.angular/cache/22.0.0/web/vite/deps/chunk-AJ7QU3YV.js?v=67b7a837:17738
[  443144ms] [LOG] Angular is running in development mode. @ http://localhost:4300/@fs/Users/wongjunmun/development/ai-development/software-factory/web/.angular/cache/22.0.0/web/vite/deps/chunk-AJ7QU3YV.js?v=67b7a837:14866
[  443194ms] [WARNING] NG0955: The provided track expression resulted in duplicated keys for a given collection. Adjust the tracking expression such that it uniquely identifies all the items in the collection. Duplicated keys were: 
key "Ref" at index "2" and "3". Find more at https://v22.angular.dev/errors/NG0955 @ http://localhost:4300/@fs/Users/wongjunmun/development/ai-development/software-factory/web/.angular/cache/22.0.0/web/vite/deps/chunk-AJ7QU3YV.js?v=67b7a837:17738
[  443194ms] [WARNING] NG0955: The provided track expression resulted in duplicated keys for a given collection. Adjust the tracking expression such that it uniquely identifies all the items in the collection. Duplicated keys were: 
key "Ref" at index "2" and "3". Find more at https://v22.angular.dev/errors/NG0955 @ http://localhost:4300/@fs/Users/wongjunmun/development/ai-development/software-factory/web/.angular/cache/22.0.0/web/vite/deps/chunk-AJ7QU3YV.js?v=67b7a837:17738
[  443194ms] [WARNING] NG0955: The provided track expression resulted in duplicated keys for a given collection. Adjust the tracking expression such that it uniquely identifies all the items in the collection. Duplicated keys were: 
key "Ref" at index "2" and "3". Find more at https://v22.angular.dev/errors/NG0955 @ http://localhost:4300/@fs/Users/wongjunmun/development/ai-development/software-factory/web/.angular/cache/22.0.0/web/vite/deps/chunk-AJ7QU3YV.js?v=67b7a837:17738
[  443201ms] [WARNING] NG0955: The provided track expression resulted in duplicated keys for a given collection. Adjust the tracking expression such that it uniquely identifies all the items in the collection. Duplicated keys were: 
key "Ref" at index "2" and "3". Find more at https://v22.angular.dev/errors/NG0955 @ http://localhost:4300/@fs/Users/wongjunmun/development/ai-development/software-factory/web/.angular/cache/22.0.0/web/vite/deps/chunk-AJ7QU3YV.js?v=67b7a837:17738
[  443201ms] [WARNING] NG0955: The provided track expression resulted in duplicated keys for a given collection. Adjust the tracking expression such that it uniquely identifies all the items in the collection. Duplicated keys were: 
key "Ref" at index "2" and "3". Find more at https://v22.angular.dev/errors/NG0955 @ http://localhost:4300/@fs/Users/wongjunmun/development/ai-development/software-factory/web/.angular/cache/22.0.0/web/vite/deps/chunk-AJ7QU3YV.js?v=67b7a837:17738
[  443201ms] [WARNING] NG0955: The provided track expression resulted in duplicated keys for a given collection. Adjust the tracking expression such that it uniquely identifies all the items in the collection. Duplicated keys were: 
key "Ref" at index "2" and "3". Find more at https://v22.angular.dev/errors/NG0955 @ http://localhost:4300/@fs/Users/wongjunmun/development/ai-development/software-factory/web/.angular/cache/22.0.0/web/vite/deps/chunk-AJ7QU3YV.js?v=67b7a837:17738
[  443202ms] [WARNING] NG0955: The provided track expression resulted in duplicated keys for a given collection. Adjust the tracking expression such that it uniquely identifies all the items in the collection. Duplicated keys were: 
key "Ref" at index "2" and "3". Find more at https://v22.angular.dev/errors/NG0955 @ http://localhost:4300/@fs/Users/wongjunmun/development/ai-development/software-factory/web/.angular/cache/22.0.0/web/vite/deps/chunk-AJ7QU3YV.js?v=67b7a837:17738
[  443202ms] [WARNING] NG0955: The provided track expression resulted in duplicated keys for a given collection. Adjust the tracking expression such that it uniquely identifies all the items in the collection. Duplicated keys were: 
key "Ref" at index "2" and "3". Find more at https://v22.angular.dev/errors/NG0955 @ http://localhost:4300/@fs/Users/wongjunmun/development/ai-development/software-factory/web/.angular/cache/22.0.0/web/vite/deps/chunk-AJ7QU3YV.js?v=67b7a837:17738
[  443202ms] [WARNING] NG0955: The provided track expression resulted in duplicated keys for a given collection. Adjust the tracking expression such that it uniquely identifies all the items in the collection. Duplicated keys were: 
key "Ref" at index "2" and "3". Find more at https://v22.angular.dev/errors/NG0955 @ http://localhost:4300/@fs/Users/wongjunmun/development/ai-development/software-factory/web/.angular/cache/22.0.0/web/vite/deps/chunk-AJ7QU3YV.js?v=67b7a837:17738
[  443203ms] [WARNING] NG0955: The provided track expression resulted in duplicated keys for a given collection. Adjust the tracking expression such that it uniquely identifies all the items in the collection. Duplicated keys were: 
key "Ref" at index "2" and "3". Find more at https://v22.angular.dev/errors/NG0955 @ http://localhost:4300/@fs/Users/wongjunmun/development/ai-development/software-factory/web/.angular/cache/22.0.0/web/vite/deps/chunk-AJ7QU3YV.js?v=67b7a837:17738
[  443203ms] [WARNING] NG0955: The provided track expression resulted in duplicated keys for a given collection. Adjust the tracking expression such that it uniquely identifies all the items in the collection. Duplicated keys were: 
key "Ref" at index "2" and "3". Find more at https://v22.angular.dev/errors/NG0955 @ http://localhost:4300/@fs/Users/wongjunmun/development/ai-development/software-factory/web/.angular/cache/22.0.0/web/vite/deps/chunk-AJ7QU3YV.js?v=67b7a837:17738
[  443204ms] [WARNING] NG0955: The provided track expression resulted in duplicated keys for a given collection. Adjust the tracking expression such that it uniquely identifies all the items in the collection. Duplicated keys were: 
key "Ref" at index "2" and "3". Find more at https://v22.angular.dev/errors/NG0955 @ http://localhost:4300/@fs/Users/wongjunmun/development/ai-development/software-factory/web/.angular/cache/22.0.0/web/vite/deps/chunk-AJ7QU3YV.js?v=67b7a837:17738
[  443205ms] [WARNING] NG0955: The provided track expression resulted in duplicated keys for a given collection. Adjust the tracking expression such that it uniquely identifies all the items in the collection. Duplicated keys were: 
key "Ref" at index "2" and "3". Find more at https://v22.angular.dev/errors/NG0955 @ http://localhost:4300/@fs/Users/wongjunmun/development/ai-development/software-factory/web/.angular/cache/22.0.0/web/vite/deps/chunk-AJ7QU3YV.js?v=67b7a837:17738
[  443206ms] [WARNING] NG0955: The provided track expression resulted in duplicated keys for a given collection. Adjust the tracking expression such that it uniquely identifies all the items in the collection. Duplicated keys were: 
key "Ref" at index "2" and "3". Find more at https://v22.angular.dev/errors/NG0955 @ http://localhost:4300/@fs/Users/wongjunmun/development/ai-development/software-factory/web/.angular/cache/22.0.0/web/vite/deps/chunk-AJ7QU3YV.js?v=67b7a837:17738
[  443206ms] [WARNING] NG0955: The provided track expression resulted in duplicated keys for a given collection. Adjust the tracking expression such that it uniquely identifies all the items in the collection. Duplicated keys were: 
key "Ref" at index "2" and "3". Find more at https://v22.angular.dev/errors/NG0955 @ http://localhost:4300/@fs/Users/wongjunmun/development/ai-development/software-factory/web/.angular/cache/22.0.0/web/vite/deps/chunk-AJ7QU3YV.js?v=67b7a837:17738
[  443208ms] [WARNING] NG0955: The provided track expression resulted in duplicated keys for a given collection. Adjust the tracking expression such that it uniquely identifies all the items in the collection. Duplicated keys were: 
key "Ref" at index "2" and "3". Find more at https://v22.angular.dev/errors/NG0955 @ http://localhost:4300/@fs/Users/wongjunmun/development/ai-development/software-factory/web/.angular/cache/22.0.0/web/vite/deps/chunk-AJ7QU3YV.js?v=67b7a837:17738
[  443208ms] [WARNING] NG0955: The provided track expression resulted in duplicated keys for a given collection. Adjust the tracking expression such that it uniquely identifies all the items in the collection. Duplicated keys were: 
key "Ref" at index "2" and "3". Find more at https://v22.angular.dev/errors/NG0955 @ http://localhost:4300/@fs/Users/wongjunmun/development/ai-development/software-factory/web/.angular/cache/22.0.0/web/vite/deps/chunk-AJ7QU3YV.js?v=67b7a837:17738
[  443208ms] [WARNING] NG0955: The provided track expression resulted in duplicated keys for a given collection. Adjust the tracking expression such that it uniquely identifies all the items in the collection. Duplicated keys were: 
key "Ref" at index "2" and "3". Find more at https://v22.angular.dev/errors/NG0955 @ http://localhost:4300/@fs/Users/wongjunmun/development/ai-development/software-factory/web/.angular/cache/22.0.0/web/vite/deps/chunk-AJ7QU3YV.js?v=67b7a837:17738
[  443212ms] [WARNING] NG0955: The provided track expression resulted in duplicated keys for a given collection. Adjust the tracking expression such that it uniquely identifies all the items in the collection. Duplicated keys were: 
key "Ref" at index "2" and "3". Find more at https://v22.angular.dev/errors/NG0955 @ http://localhost:4300/@fs/Users/wongjunmun/development/ai-development/software-factory/web/.angular/cache/22.0.0/web/vite/deps/chunk-AJ7QU3YV.js?v=67b7a837:17738
[  443212ms] [WARNING] NG0955: The provided track expression resulted in duplicated keys for a given collection. Adjust the tracking expression such that it uniquely identifies all the items in the collection. Duplicated keys were: 
key "Ref" at index "2" and "3". Find more at https://v22.angular.dev/errors/NG0955 @ http://localhost:4300/@fs/Users/wongjunmun/development/ai-development/software-factory/web/.angular/cache/22.0.0/web/vite/deps/chunk-AJ7QU3YV.js?v=67b7a837:17738
[  443212ms] [WARNING] NG0955: The provided track expression resulted in duplicated keys for a given collection. Adjust the tracking expression such that it uniquely identifies all the items in the collection. Duplicated keys were: 
key "Ref" at index "2" and "3". Find more at https://v22.angular.dev/errors/NG0955 @ http://localhost:4300/@fs/Users/wongjunmun/development/ai-development/software-factory/web/.angular/cache/22.0.0/web/vite/deps/chunk-AJ7QU3YV.js?v=67b7a837:17738
[  443214ms] [WARNING] NG0955: The provided track expression resulted in duplicated keys for a given collection. Adjust the tracking expression such that it uniquely identifies all the items in the collection. Duplicated keys were: 
key "Ref" at index "2" and "3". Find more at https://v22.angular.dev/errors/NG0955 @ http://localhost:4300/@fs/Users/wongjunmun/development/ai-development/software-factory/web/.angular/cache/22.0.0/web/vite/deps/chunk-AJ7QU3YV.js?v=67b7a837:17738
[  443214ms] [WARNING] NG0955: The provided track expression resulted in duplicated keys for a given collection. Adjust the tracking expression such that it uniquely identifies all the items in the collection. Duplicated keys were: 
key "Ref" at index "2" and "3". Find more at https://v22.angular.dev/errors/NG0955 @ http://localhost:4300/@fs/Users/wongjunmun/development/ai-development/software-factory/web/.angular/cache/22.0.0/web/vite/deps/chunk-AJ7QU3YV.js?v=67b7a837:17738
[  443214ms] [WARNING] NG0955: The provided track expression resulted in duplicated keys for a given collection. Adjust the tracking expression such that it uniquely identifies all the items in the collection. Duplicated keys were: 
key "Ref" at index "2" and "3". Find more at https://v22.angular.dev/errors/NG0955 @ http://localhost:4300/@fs/Users/wongjunmun/development/ai-development/software-factory/web/.angular/cache/22.0.0/web/vite/deps/chunk-AJ7QU3YV.js?v=67b7a837:17738
[  443215ms] [WARNING] NG0955: The provided track expression resulted in duplicated keys for a given collection. Adjust the tracking expression such that it uniquely identifies all the items in the collection. Duplicated keys were: 
key "Ref" at index "2" and "3". Find more at https://v22.angular.dev/errors/NG0955 @ http://localhost:4300/@fs/Users/wongjunmun/development/ai-development/software-factory/web/.angular/cache/22.0.0/web/vite/deps/chunk-AJ7QU3YV.js?v=67b7a837:17738
[  443215ms] [WARNING] NG0955: The provided track expression resulted in duplicated keys for a given collection. Adjust the tracking expression such that it uniquely identifies all the items in the collection. Duplicated keys were: 
key "Ref" at index "2" and "3". Find more at https://v22.angular.dev/errors/NG0955 @ http://localhost:4300/@fs/Users/wongjunmun/development/ai-development/software-factory/web/.angular/cache/22.0.0/web/vite/deps/chunk-AJ7QU3YV.js?v=67b7a837:17738
[  443215ms] [WARNING] NG0955: The provided track expression resulted in duplicated keys for a given collection. Adjust the tracking expression such that it uniquely identifies all the items in the collection. Duplicated keys were: 
key "Ref" at index "2" and "3". Find more at https://v22.angular.dev/errors/NG0955 @ http://localhost:4300/@fs/Users/wongjunmun/development/ai-development/software-factory/web/.angular/cache/22.0.0/web/vite/deps/chunk-AJ7QU3YV.js?v=67b7a837:17738
[  443221ms] [WARNING] NG0955: The provided track expression resulted in duplicated keys for a given collection. Adjust the tracking expression such that it uniquely identifies all the items in the collection. Duplicated keys were: 
key "Ref" at index "2" and "3". Find more at https://v22.angular.dev/errors/NG0955 @ http://localhost:4300/@fs/Users/wongjunmun/development/ai-development/software-factory/web/.angular/cache/22.0.0/web/vite/deps/chunk-AJ7QU3YV.js?v=67b7a837:17738
[  443221ms] [WARNING] NG0955: The provided track expression resulted in duplicated keys for a given collection. Adjust the tracking expression such that it uniquely identifies all the items in the collection. Duplicated keys were: 
key "Ref" at index "2" and "3". Find more at https://v22.angular.dev/errors/NG0955 @ http://localhost:4300/@fs/Users/wongjunmun/development/ai-development/software-factory/web/.angular/cache/22.0.0/web/vite/deps/chunk-AJ7QU3YV.js?v=67b7a837:17738
[  443222ms] [WARNING] NG0955: The provided track expression resulted in duplicated keys for a given collection. Adjust the tracking expression such that it uniquely identifies all the items in the collection. Duplicated keys were: 
key "Ref" at index "2" and "3". Find more at https://v22.angular.dev/errors/NG0955 @ http://localhost:4300/@fs/Users/wongjunmun/development/ai-development/software-factory/web/.angular/cache/22.0.0/web/vite/deps/chunk-AJ7QU3YV.js?v=67b7a837:17738
[  443222ms] [WARNING] NG0955: The provided track expression resulted in duplicated keys for a given collection. Adjust the tracking expression such that it uniquely identifies all the items in the collection. Duplicated keys were: 
key "Ref" at index "2" and "3". Find more at https://v22.angular.dev/errors/NG0955 @ http://localhost:4300/@fs/Users/wongjunmun/development/ai-development/software-factory/web/.angular/cache/22.0.0/web/vite/deps/chunk-AJ7QU3YV.js?v=67b7a837:17738
[  443223ms] [WARNING] NG0955: The provided track expression resulted in duplicated keys for a given collection. Adjust the tracking expression such that it uniquely identifies all the items in the collection. Duplicated keys were: 
key "Ref" at index "2" and "3". Find more at https://v22.angular.dev/errors/NG0955 @ http://localhost:4300/@fs/Users/wongjunmun/development/ai-development/software-factory/web/.angular/cache/22.0.0/web/vite/deps/chunk-AJ7QU3YV.js?v=67b7a837:17738
[  443223ms] [WARNING] NG0955: The provided track expression resulted in duplicated keys for a given collection. Adjust the tracking expression such that it uniquely identifies all the items in the collection. Duplicated keys were: 
key "Ref" at index "2" and "3". Find more at https://v22.angular.dev/errors/NG0955 @ http://localhost:4300/@fs/Users/wongjunmun/development/ai-development/software-factory/web/.angular/cache/22.0.0/web/vite/deps/chunk-AJ7QU3YV.js?v=67b7a837:17738
[  443224ms] [WARNING] NG0955: The provided track expression resulted in duplicated keys for a given collection. Adjust the tracking expression such that it uniquely identifies all the items in the collection. Duplicated keys were: 
key "Ref" at index "2" and "3". Find more at https://v22.angular.dev/errors/NG0955 @ http://localhost:4300/@fs/Users/wongjunmun/development/ai-development/software-factory/web/.angular/cache/22.0.0/web/vite/deps/chunk-AJ7QU3YV.js?v=67b7a837:17738
[  443224ms] [WARNING] NG0955: The provided track expression resulted in duplicated keys for a given collection. Adjust the tracking expression such that it uniquely identifies all the items in the collection. Duplicated keys were: 
key "Ref" at index "2" and "3". Find more at https://v22.angular.dev/errors/NG0955 @ http://localhost:4300/@fs/Users/wongjunmun/development/ai-development/software-factory/web/.angular/cache/22.0.0/web/vite/deps/chunk-AJ7QU3YV.js?v=67b7a837:17738
[  443224ms] [WARNING] NG0955: The provided track expression resulted in duplicated keys for a given collection. Adjust the tracking expression such that it uniquely identifies all the items in the collection. Duplicated keys were: 
key "Ref" at index "2" and "3". Find more at https://v22.angular.dev/errors/NG0955 @ http://localhost:4300/@fs/Users/wongjunmun/development/ai-development/software-factory/web/.angular/cache/22.0.0/web/vite/deps/chunk-AJ7QU3YV.js?v=67b7a837:17738
[  443225ms] [WARNING] NG0955: The provided track expression resulted in duplicated keys for a given collection. Adjust the tracking expression such that it uniquely identifies all the items in the collection. Duplicated keys were: 
key "Ref" at index "2" and "3". Find more at https://v22.angular.dev/errors/NG0955 @ http://localhost:4300/@fs/Users/wongjunmun/development/ai-development/software-factory/web/.angular/cache/22.0.0/web/vite/deps/chunk-AJ7QU3YV.js?v=67b7a837:17738
[  443225ms] [WARNING] NG0955: The provided track expression resulted in duplicated keys for a given collection. Adjust the tracking expression such that it uniquely identifies all the items in the collection. Duplicated keys were: 
key "Ref" at index "2" and "3". Find more at https://v22.angular.dev/errors/NG0955 @ http://localhost:4300/@fs/Users/wongjunmun/development/ai-development/software-factory/web/.angular/cache/22.0.0/web/vite/deps/chunk-AJ7QU3YV.js?v=67b7a837:17738
[  443225ms] [WARNING] NG0955: The provided track expression resulted in duplicated keys for a given collection. Adjust the tracking expression such that it uniquely identifies all the items in the collection. Duplicated keys were: 
key "Ref" at index "2" and "3". Find more at https://v22.angular.dev/errors/NG0955 @ http://localhost:4300/@fs/Users/wongjunmun/development/ai-development/software-factory/web/.angular/cache/22.0.0/web/vite/deps/chunk-AJ7QU3YV.js?v=67b7a837:17738
[  443226ms] [WARNING] NG0955: The provided track expression resulted in duplicated keys for a given collection. Adjust the tracking expression such that it uniquely identifies all the items in the collection. Duplicated keys were: 
key "Ref" at index "2" and "3". Find more at https://v22.angular.dev/errors/NG0955 @ http://localhost:4300/@fs/Users/wongjunmun/development/ai-development/software-factory/web/.angular/cache/22.0.0/web/vite/deps/chunk-AJ7QU3YV.js?v=67b7a837:17738
[  443226ms] [WARNING] NG0955: The provided track expression resulted in duplicated keys for a given collection. Adjust the tracking expression such that it uniquely identifies all the items in the collection. Duplicated keys were: 
key "Ref" at index "2" and "3". Find more at https://v22.angular.dev/errors/NG0955 @ http://localhost:4300/@fs/Users/wongjunmun/development/ai-development/software-factory/web/.angular/cache/22.0.0/web/vite/deps/chunk-AJ7QU3YV.js?v=67b7a837:17738
[  443226ms] [WARNING] NG0955: The provided track expression resulted in duplicated keys for a given collection. Adjust the tracking expression such that it uniquely identifies all the items in the collection. Duplicated keys were: 
key "Ref" at index "2" and "3". Find more at https://v22.angular.dev/errors/NG0955 @ http://localhost:4300/@fs/Users/wongjunmun/development/ai-development/software-factory/web/.angular/cache/22.0.0/web/vite/deps/chunk-AJ7QU3YV.js?v=67b7a837:17738
[  511530ms] [LOG] Angular is running in development mode. @ http://localhost:4300/@fs/Users/wongjunmun/development/ai-development/software-factory/web/.angular/cache/22.0.0/web/vite/deps/chunk-AJ7QU3YV.js?v=67b7a837:14866
[  511548ms] [ERROR] Failed to load resource: the server responded with a status of 404 (Not Found) @ http://localhost:4300/api/subjects/northwind/feed?after=0&limit=100:0
[  511549ms] [ERROR] ERROR HttpErrorResponse @ http://localhost:4300/@fs/Users/wongjunmun/development/ai-development/software-factory/web/.angular/cache/22.0.0/web/vite/deps/chunk-AJ7QU3YV.js?v=67b7a837:3194
[  539546ms] [ERROR] Failed to load resource: the server responded with a status of 500 (Internal Server Error) @ http://localhost:4300/api/events?after=45:0
[  539546ms] [ERROR] ERROR HttpErrorResponse @ http://localhost:4300/@fs/Users/wongjunmun/development/ai-development/software-factory/web/.angular/cache/22.0.0/web/vite/deps/chunk-AJ7QU3YV.js?v=67b7a837:3194
[  543547ms] [ERROR] Failed to load resource: the server responded with a status of 500 (Internal Server Error) @ http://localhost:4300/api/events?after=45:0
[  543547ms] [ERROR] ERROR HttpErrorResponse @ http://localhost:4300/@fs/Users/wongjunmun/development/ai-development/software-factory/web/.angular/cache/22.0.0/web/vite/deps/chunk-AJ7QU3YV.js?v=67b7a837:3194
[  547547ms] [ERROR] Failed to load resource: the server responded with a status of 500 (Internal Server Error) @ http://localhost:4300/api/events?after=45:0
[  547547ms] [ERROR] ERROR HttpErrorResponse @ http://localhost:4300/@fs/Users/wongjunmun/development/ai-development/software-factory/web/.angular/cache/22.0.0/web/vite/deps/chunk-AJ7QU3YV.js?v=67b7a837:3194
