[      52ms] [LOG] Angular is running in development mode. @ http://localhost:4300/@fs/Users/wongjunmun/development/ai-development/software-factory/web/.angular/cache/22.0.0/web/vite/deps/chunk-AJ7QU3YV.js?v=67b7a837:14866
[  812519ms] [LOG] Angular is running in development mode. @ http://localhost:4300/@fs/Users/wongjunmun/development/ai-development/software-factory/web/.angular/cache/22.0.0/web/vite/deps/chunk-AJ7QU3YV.js?v=67b7a837:14866
[  812537ms] [ERROR] ERROR HttpErrorResponse @ http://localhost:4300/@fs/Users/wongjunmun/development/ai-development/software-factory/web/.angular/cache/22.0.0/web/vite/deps/chunk-AJ7QU3YV.js?v=67b7a837:3194
[  812537ms] [ERROR] ERROR HttpErrorResponse @ http://localhost:4300/@fs/Users/wongjunmun/development/ai-development/software-factory/web/.angular/cache/22.0.0/web/vite/deps/chunk-AJ7QU3YV.js?v=67b7a837:3194
[  812538ms] [ERROR] ERROR HttpErrorResponse @ http://localhost:4300/@fs/Users/wongjunmun/development/ai-development/software-factory/web/.angular/cache/22.0.0/web/vite/deps/chunk-AJ7QU3YV.js?v=67b7a837:3194
[  812538ms] [ERROR] ERROR HttpErrorResponse @ http://localhost:4300/@fs/Users/wongjunmun/development/ai-development/software-factory/web/.angular/cache/22.0.0/web/vite/deps/chunk-AJ7QU3YV.js?v=67b7a837:3194
[  816535ms] [ERROR] ERROR HttpErrorResponse @ http://localhost:4300/@fs/Users/wongjunmun/development/ai-development/software-factory/web/.angular/cache/22.0.0/web/vite/deps/chunk-AJ7QU3YV.js?v=67b7a837:3194
[  820534ms] [ERROR] ERROR HttpErrorResponse @ http://localhost:4300/@fs/Users/wongjunmun/development/ai-development/software-factory/web/.angular/cache/22.0.0/web/vite/deps/chunk-AJ7QU3YV.js?v=67b7a837:3194
[  824534ms] [ERROR] ERROR HttpErrorResponse @ http://localhost:4300/@fs/Users/wongjunmun/development/ai-development/software-factory/web/.angular/cache/22.0.0/web/vite/deps/chunk-AJ7QU3YV.js?v=67b7a837:3194
[  828534ms] [ERROR] ERROR HttpErrorResponse @ http://localhost:4300/@fs/Users/wongjunmun/development/ai-development/software-factory/web/.angular/cache/22.0.0/web/vite/deps/chunk-AJ7QU3YV.js?v=67b7a837:3194
[  832535ms] [ERROR] ERROR HttpErrorResponse @ http://localhost:4300/@fs/Users/wongjunmun/development/ai-development/software-factory/web/.angular/cache/22.0.0/web/vite/deps/chunk-AJ7QU3YV.js?v=67b7a837:3194
[  836535ms] [ERROR] ERROR HttpErrorResponse @ http://localhost:4300/@fs/Users/wongjunmun/development/ai-development/software-factory/web/.angular/cache/22.0.0/web/vite/deps/chunk-AJ7QU3YV.js?v=67b7a837:3194
[  840536ms] [ERROR] ERROR HttpErrorResponse @ http://localhost:4300/@fs/Users/wongjunmun/development/ai-development/software-factory/web/.angular/cache/22.0.0/web/vite/deps/chunk-AJ7QU3YV.js?v=67b7a837:3194
[  844536ms] [ERROR] ERROR HttpErrorResponse @ http://localhost:4300/@fs/Users/wongjunmun/development/ai-development/software-factory/web/.angular/cache/22.0.0/web/vite/deps/chunk-AJ7QU3YV.js?v=67b7a837:3194
[  848535ms] [ERROR] ERROR HttpErrorResponse @ http://localhost:4300/@fs/Users/wongjunmun/development/ai-development/software-factory/web/.angular/cache/22.0.0/web/vite/deps/chunk-AJ7QU3YV.js?v=67b7a837:3194
[  852535ms] [ERROR] ERROR HttpErrorResponse @ http://localhost:4300/@fs/Users/wongjunmun/development/ai-development/software-factory/web/.angular/cache/22.0.0/web/vite/deps/chunk-AJ7QU3YV.js?v=67b7a837:3194
[  856535ms] [ERROR] ERROR HttpErrorResponse @ http://localhost:4300/@fs/Users/wongjunmun/development/ai-development/software-factory/web/.angular/cache/22.0.0/web/vite/deps/chunk-AJ7QU3YV.js?v=67b7a837:3194
[  860535ms] [ERROR] ERROR HttpErrorResponse @ http://localhost:4300/@fs/Users/wongjunmun/development/ai-development/software-factory/web/.angular/cache/22.0.0/web/vite/deps/chunk-AJ7QU3YV.js?v=67b7a837:3194
[  864536ms] [ERROR] ERROR HttpErrorResponse @ http://localhost:4300/@fs/Users/wongjunmun/development/ai-development/software-factory/web/.angular/cache/22.0.0/web/vite/deps/chunk-AJ7QU3YV.js?v=67b7a837:3194
[  868535ms] [ERROR] ERROR HttpErrorResponse @ http://localhost:4300/@fs/Users/wongjunmun/development/ai-development/software-factory/web/.angular/cache/22.0.0/web/vite/deps/chunk-AJ7QU3YV.js?v=67b7a837:3194
[  872534ms] [ERROR] ERROR HttpErrorResponse @ http://localhost:4300/@fs/Users/wongjunmun/development/ai-development/software-factory/web/.angular/cache/22.0.0/web/vite/deps/chunk-AJ7QU3YV.js?v=67b7a837:3194
[  876535ms] [ERROR] ERROR HttpErrorResponse @ http://localhost:4300/@fs/Users/wongjunmun/development/ai-development/software-factory/web/.angular/cache/22.0.0/web/vite/deps/chunk-AJ7QU3YV.js?v=67b7a837:3194
[  880536ms] [ERROR] ERROR HttpErrorResponse @ http://localhost:4300/@fs/Users/wongjunmun/development/ai-development/software-factory/web/.angular/cache/22.0.0/web/vite/deps/chunk-AJ7QU3YV.js?v=67b7a837:3194
[  884536ms] [ERROR] ERROR HttpErrorResponse @ http://localhost:4300/@fs/Users/wongjunmun/development/ai-development/software-factory/web/.angular/cache/22.0.0/web/vite/deps/chunk-AJ7QU3YV.js?v=67b7a837:3194
[  888535ms] [ERROR] ERROR HttpErrorResponse @ http://localhost:4300/@fs/Users/wongjunmun/development/ai-development/software-factory/web/.angular/cache/22.0.0/web/vite/deps/chunk-AJ7QU3YV.js?v=67b7a837:3194
[  892535ms] [ERROR] ERROR HttpErrorResponse @ http://localhost:4300/@fs/Users/wongjunmun/development/ai-development/software-factory/web/.angular/cache/22.0.0/web/vite/deps/chunk-AJ7QU3YV.js?v=67b7a837:3194
[  896535ms] [ERROR] ERROR HttpErrorResponse @ http://localhost:4300/@fs/Users/wongjunmun/development/ai-development/software-factory/web/.angular/cache/22.0.0/web/vite/deps/chunk-AJ7QU3YV.js?v=67b7a837:3194
[  900536ms] [ERROR] ERROR HttpErrorResponse @ http://localhost:4300/@fs/Users/wongjunmun/development/ai-development/software-factory/web/.angular/cache/22.0.0/web/vite/deps/chunk-AJ7QU3YV.js?v=67b7a837:3194
[  904535ms] [ERROR] ERROR HttpErrorResponse @ http://localhost:4300/@fs/Users/wongjunmun/development/ai-development/software-factory/web/.angular/cache/22.0.0/web/vite/deps/chunk-AJ7QU3YV.js?v=67b7a837:3194
[  908535ms] [ERROR] ERROR HttpErrorResponse @ http://localhost:4300/@fs/Users/wongjunmun/development/ai-development/software-factory/web/.angular/cache/22.0.0/web/vite/deps/chunk-AJ7QU3YV.js?v=67b7a837:3194
[  912536ms] [ERROR] ERROR HttpErrorResponse @ http://localhost:4300/@fs/Users/wongjunmun/development/ai-development/software-factory/web/.angular/cache/22.0.0/web/vite/deps/chunk-AJ7QU3YV.js?v=67b7a837:3194
[  916534ms] [ERROR] ERROR HttpErrorResponse @ http://localhost:4300/@fs/Users/wongjunmun/development/ai-development/software-factory/web/.angular/cache/22.0.0/web/vite/deps/chunk-AJ7QU3YV.js?v=67b7a837:3194
[  920535ms] [ERROR] ERROR HttpErrorResponse @ http://localhost:4300/@fs/Users/wongjunmun/development/ai-development/software-factory/web/.angular/cache/22.0.0/web/vite/deps/chunk-AJ7QU3YV.js?v=67b7a837:3194
[  924535ms] [ERROR] ERROR HttpErrorResponse @ http://localhost:4300/@fs/Users/wongjunmun/development/ai-development/software-factory/web/.angular/cache/22.0.0/web/vite/deps/chunk-AJ7QU3YV.js?v=67b7a837:3194
[  925615ms] [LOG] [vite] server connection lost. Polling for restart... @ http://localhost:4300/@vite/client:864
[  928534ms] [ERROR] Failed to load resource: net::ERR_CONNECTION_REFUSED @ http://localhost:4300/api/events:0
[  928534ms] [ERROR] ERROR HttpErrorResponse @ http://localhost:4300/@fs/Users/wongjunmun/development/ai-development/software-factory/web/.angular/cache/22.0.0/web/vite/deps/chunk-AJ7QU3YV.js?v=67b7a837:3194
[  932534ms] [ERROR] Failed to load resource: net::ERR_CONNECTION_REFUSED @ http://localhost:4300/api/events:0
[  932535ms] [ERROR] ERROR HttpErrorResponse @ http://localhost:4300/@fs/Users/wongjunmun/development/ai-development/software-factory/web/.angular/cache/22.0.0/web/vite/deps/chunk-AJ7QU3YV.js?v=67b7a837:3194
[  934748ms] [LOG] Angular is running in development mode. @ http://localhost:4300/@fs/Users/wongjunmun/development/ai-development/software-factory/web/.angular/cache/22.0.0/web/vite/deps/chunk-AJ7QU3YV.js?v=67b7a837:14866
[  986769ms] [ERROR] Failed to load resource: the server responded with a status of 500 (Internal Server Error) @ http://localhost:4300/api/events?after=25:0
[  986769ms] [ERROR] ERROR HttpErrorResponse @ http://localhost:4300/@fs/Users/wongjunmun/development/ai-development/software-factory/web/.angular/cache/22.0.0/web/vite/deps/chunk-AJ7QU3YV.js?v=67b7a837:3194
[  990765ms] [ERROR] Failed to load resource: the server responded with a status of 500 (Internal Server Error) @ http://localhost:4300/api/events?after=25:0
[  990765ms] [ERROR] ERROR HttpErrorResponse @ http://localhost:4300/@fs/Users/wongjunmun/development/ai-development/software-factory/web/.angular/cache/22.0.0/web/vite/deps/chunk-AJ7QU3YV.js?v=67b7a837:3194
